mode: set
event-coming/internal/cache/location_buffer.go:21.62,23.2 1 1
event-coming/internal/cache/location_buffer.go:26.85,28.2 1 1
event-coming/internal/cache/location_buffer.go:31.125,34.14 2 1
event-coming/internal/cache/location_buffer.go:34.14,37.3 1 1
event-coming/internal/cache/location_buffer.go:39.2,41.42 2 1
event-coming/internal/cache/location_buffer.go:45.111,48.16 2 1
event-coming/internal/cache/location_buffer.go:48.16,50.3 1 0
event-coming/internal/cache/location_buffer.go:53.2,54.67 2 1
event-coming/internal/cache/location_buffer.go:54.67,56.3 1 0
event-coming/internal/cache/location_buffer.go:59.2,60.69 2 1
event-coming/internal/cache/location_buffer.go:60.69,62.3 1 0
event-coming/internal/cache/location_buffer.go:65.2,66.67 2 1
event-coming/internal/cache/location_buffer.go:66.67,69.3 1 0
event-coming/internal/cache/location_buffer.go:71.2,71.12 1 1
event-coming/internal/cache/location_buffer.go:75.122,78.16 2 1
event-coming/internal/cache/location_buffer.go:78.16,80.3 1 0
event-coming/internal/cache/location_buffer.go:83.2,84.14 2 1
event-coming/internal/cache/location_buffer.go:84.14,86.3 1 1
event-coming/internal/cache/location_buffer.go:87.2,92.69 3 1
event-coming/internal/cache/location_buffer.go:92.69,94.3 1 0
event-coming/internal/cache/location_buffer.go:97.2,100.12 3 1
event-coming/internal/cache/location_buffer.go:104.116,119.16 4 1
event-coming/internal/cache/location_buffer.go:119.16,121.3 1 0
event-coming/internal/cache/location_buffer.go:123.2,124.9 2 1
event-coming/internal/cache/location_buffer.go:124.9,126.3 1 0
event-coming/internal/cache/location_buffer.go:128.2,129.29 2 1
event-coming/internal/cache/location_buffer.go:129.29,131.10 2 1
event-coming/internal/cache/location_buffer.go:131.10,132.12 1 0
event-coming/internal/cache/location_buffer.go:135.3,136.59 2 1
event-coming/internal/cache/location_buffer.go:136.59,137.12 1 0
event-coming/internal/cache/location_buffer.go:139.3,139.38 1 1
event-coming/internal/cache/location_buffer.go:142.2,142.23 1 1
event-coming/internal/cache/location_buffer.go:146.125,150.22 3 1
event-coming/internal/cache/location_buffer.go:150.22,152.3 1 1
event-coming/internal/cache/location_buffer.go:153.2,153.16 1 1
event-coming/internal/cache/location_buffer.go:153.16,155.3 1 0
event-coming/internal/cache/location_buffer.go:157.2,158.64 2 1
event-coming/internal/cache/location_buffer.go:158.64,160.3 1 0
event-coming/internal/cache/location_buffer.go:162.2,162.23 1 1
event-coming/internal/cache/location_buffer.go:166.149,167.30 1 1
event-coming/internal/cache/location_buffer.go:167.30,169.3 1 1
event-coming/internal/cache/location_buffer.go:172.2,173.37 2 1
event-coming/internal/cache/location_buffer.go:173.37,175.3 1 1
event-coming/internal/cache/location_buffer.go:178.2,179.16 2 1
event-coming/internal/cache/location_buffer.go:179.16,181.3 1 0
event-coming/internal/cache/location_buffer.go:183.2,184.33 2 1
event-coming/internal/cache/location_buffer.go:184.33,185.20 1 1
event-coming/internal/cache/location_buffer.go:185.20,186.12 1 1
event-coming/internal/cache/location_buffer.go:189.3,190.10 2 1
event-coming/internal/cache/location_buffer.go:190.10,191.12 1 0
event-coming/internal/cache/location_buffer.go:194.3,195.59 2 1
event-coming/internal/cache/location_buffer.go:195.59,196.12 1 0
event-coming/internal/cache/location_buffer.go:198.3,198.38 1 1
event-coming/internal/cache/location_buffer.go:201.2,201.23 1 1
event-coming/internal/cache/location_buffer.go:205.97,208.2 2 1
event-coming/internal/cache/redis.go:14.69,30.47 4 0
event-coming/internal/cache/redis.go:30.47,32.3 1 0
event-coming/internal/cache/redis.go:34.2,34.20 1 0
