mode: set
event-coming/internal/handler/middleware/auth.go:16.60,17.30 1 1
event-coming/internal/handler/middleware/auth.go:17.30,19.23 2 1
event-coming/internal/handler/middleware/auth.go:19.23,23.4 3 1
event-coming/internal/handler/middleware/auth.go:26.3,27.46 2 1
event-coming/internal/handler/middleware/auth.go:27.46,31.4 3 1
event-coming/internal/handler/middleware/auth.go:33.3,36.84 2 1
event-coming/internal/handler/middleware/auth.go:36.84,38.4 1 1
event-coming/internal/handler/middleware/auth.go:40.3,40.33 1 1
event-coming/internal/handler/middleware/auth.go:40.33,44.4 3 1
event-coming/internal/handler/middleware/auth.go:47.3,48.10 2 1
event-coming/internal/handler/middleware/auth.go:48.10,52.4 3 0
event-coming/internal/handler/middleware/auth.go:55.3,55.54 1 1
event-coming/internal/handler/middleware/auth.go:55.54,56.56 1 1
event-coming/internal/handler/middleware/auth.go:56.56,58.5 1 1
event-coming/internal/handler/middleware/auth.go:61.3,61.48 1 1
event-coming/internal/handler/middleware/auth.go:61.48,63.4 1 1
event-coming/internal/handler/middleware/auth.go:65.3,65.61 1 1
event-coming/internal/handler/middleware/auth.go:65.61,66.54 1 1
event-coming/internal/handler/middleware/auth.go:66.54,68.5 1 1
event-coming/internal/handler/middleware/auth.go:71.3,71.46 1 1
event-coming/internal/handler/middleware/auth.go:71.46,73.4 1 1
event-coming/internal/handler/middleware/auth.go:75.3,75.11 1 1
event-coming/internal/handler/middleware/cors.go:8.29,9.30 1 1
event-coming/internal/handler/middleware/cors.go:9.30,15.36 5 1
event-coming/internal/handler/middleware/cors.go:15.36,18.4 2 1
event-coming/internal/handler/middleware/cors.go:20.3,20.11 1 1
event-coming/internal/handler/middleware/logger.go:9.49,10.30 1 1
event-coming/internal/handler/middleware/logger.go:10.30,27.3 4 1
event-coming/internal/handler/middleware/recovery.go:13.51,14.30 1 1
event-coming/internal/handler/middleware/recovery.go:14.30,15.16 1 1
event-coming/internal/handler/middleware/recovery.go:15.16,16.36 1 1
event-coming/internal/handler/middleware/recovery.go:16.36,27.5 4 1
event-coming/internal/handler/middleware/recovery.go:30.3,30.11 1 1
event-coming/internal/handler/middleware/request_id.go:9.34,10.30 1 1
event-coming/internal/handler/middleware/request_id.go:10.30,12.22 2 1
event-coming/internal/handler/middleware/request_id.go:12.22,14.4 1 1
event-coming/internal/handler/middleware/request_id.go:16.3,19.11 3 1
event-coming/internal/handler/auth_handler.go:18.67,22.2 1 1
event-coming/internal/handler/auth_handler.go:25.45,27.47 2 1
event-coming/internal/handler/auth_handler.go:27.47,33.3 2 1
event-coming/internal/handler/auth_handler.go:35.2,36.16 2 1
event-coming/internal/handler/auth_handler.go:36.16,41.3 2 1
event-coming/internal/handler/auth_handler.go:43.2,43.31 1 1
event-coming/internal/handler/auth_handler.go:47.48,50.47 2 1
event-coming/internal/handler/auth_handler.go:50.47,56.3 2 1
event-coming/internal/handler/auth_handler.go:59.2,60.16 2 1
event-coming/internal/handler/auth_handler.go:60.16,66.3 2 1
event-coming/internal/handler/auth_handler.go:69.2,69.36 1 1
event-coming/internal/handler/auth_handler.go:73.47,75.47 2 1
event-coming/internal/handler/auth_handler.go:75.47,81.3 2 1
event-coming/internal/handler/auth_handler.go:83.2,84.16 2 1
event-coming/internal/handler/auth_handler.go:84.16,89.3 2 1
event-coming/internal/handler/auth_handler.go:91.2,91.31 1 1
event-coming/internal/handler/auth_handler.go:95.46,97.47 2 1
event-coming/internal/handler/auth_handler.go:97.47,103.3 2 1
event-coming/internal/handler/auth_handler.go:105.2,105.71 1 1
event-coming/internal/handler/auth_handler.go:105.71,110.3 2 1
event-coming/internal/handler/auth_handler.go:112.2,114.4 1 1
event-coming/internal/handler/auth_handler.go:118.54,120.47 2 1
event-coming/internal/handler/auth_handler.go:120.47,126.3 2 1
event-coming/internal/handler/auth_handler.go:128.2,129.16 2 1
event-coming/internal/handler/auth_handler.go:129.16,135.3 2 1
event-coming/internal/handler/auth_handler.go:137.2,137.31 1 1
event-coming/internal/handler/auth_handler.go:141.53,143.47 2 1
event-coming/internal/handler/auth_handler.go:143.47,149.3 2 1
event-coming/internal/handler/auth_handler.go:151.2,152.16 2 1
event-coming/internal/handler/auth_handler.go:152.16,153.37 1 1
event-coming/internal/handler/auth_handler.go:153.37,158.4 2 1
event-coming/internal/handler/auth_handler.go:159.3,162.9 2 1
event-coming/internal/handler/auth_handler.go:165.2,165.31 1 1
event-coming/internal/handler/entity_handler.go:25.96,30.2 1 1
event-coming/internal/handler/entity_handler.go:33.48,36.47 2 1
event-coming/internal/handler/entity_handler.go:36.47,40.3 3 1
event-coming/internal/handler/entity_handler.go:42.2,42.56 1 0
event-coming/internal/handler/entity_handler.go:42.56,46.3 3 0
event-coming/internal/handler/entity_handler.go:48.2,49.16 2 0
event-coming/internal/handler/entity_handler.go:49.16,53.3 3 0
event-coming/internal/handler/entity_handler.go:55.2,55.29 1 0
event-coming/internal/handler/entity_handler.go:59.49,62.16 3 1
event-coming/internal/handler/entity_handler.go:62.16,65.3 2 1
event-coming/internal/handler/entity_handler.go:67.2,68.16 2 0
event-coming/internal/handler/entity_handler.go:68.16,72.3 3 0
event-coming/internal/handler/entity_handler.go:74.2,74.29 1 0
event-coming/internal/handler/entity_handler.go:78.48,81.16 3 1
event-coming/internal/handler/entity_handler.go:81.16,84.3 2 1
event-coming/internal/handler/entity_handler.go:86.2,87.47 2 1
event-coming/internal/handler/entity_handler.go:87.47,91.3 3 1
event-coming/internal/handler/entity_handler.go:93.2,93.56 1 0
event-coming/internal/handler/entity_handler.go:93.56,97.3 3 0
event-coming/internal/handler/entity_handler.go:99.2,100.16 2 0
event-coming/internal/handler/entity_handler.go:100.16,102.36 2 0
event-coming/internal/handler/entity_handler.go:102.36,105.4 2 0
event-coming/internal/handler/entity_handler.go:106.3,107.9 2 0
event-coming/internal/handler/entity_handler.go:110.2,110.29 1 0
event-coming/internal/handler/entity_handler.go:114.48,117.16 3 1
event-coming/internal/handler/entity_handler.go:117.16,120.3 2 1
event-coming/internal/handler/entity_handler.go:122.2,122.72 1 0
event-coming/internal/handler/entity_handler.go:122.72,126.3 3 0
event-coming/internal/handler/entity_handler.go:128.2,128.23 1 0
event-coming/internal/handler/entity_handler.go:132.46,137.16 4 0
event-coming/internal/handler/entity_handler.go:137.16,141.3 3 0
event-coming/internal/handler/entity_handler.go:143.2,143.55 1 0
event-coming/internal/handler/entity_handler.go:147.54,150.16 3 1
event-coming/internal/handler/entity_handler.go:150.16,153.3 2 1
event-coming/internal/handler/entity_handler.go:155.2,159.16 4 0
event-coming/internal/handler/entity_handler.go:159.16,163.3 3 0
event-coming/internal/handler/entity_handler.go:165.2,165.55 1 0
event-coming/internal/handler/entity_handler.go:169.55,171.20 2 1
event-coming/internal/handler/entity_handler.go:171.20,174.3 2 1
event-coming/internal/handler/entity_handler.go:176.2,177.16 2 0
event-coming/internal/handler/entity_handler.go:177.16,181.3 3 0
event-coming/internal/handler/entity_handler.go:183.2,183.29 1 0
event-coming/internal/handler/event_cache_handler.go:20.102,25.2 1 0
event-coming/internal/handler/event_cache_handler.go:29.59,35.16 4 0
event-coming/internal/handler/event_cache_handler.go:35.16,41.3 2 0
event-coming/internal/handler/event_cache_handler.go:43.2,44.16 2 0
event-coming/internal/handler/event_cache_handler.go:44.16,50.3 2 0
event-coming/internal/handler/event_cache_handler.go:53.2,54.16 2 0
event-coming/internal/handler/event_cache_handler.go:54.16,65.3 3 0
event-coming/internal/handler/event_cache_handler.go:67.2,67.29 1 0
event-coming/internal/handler/event_cache_handler.go:72.62,77.16 4 0
event-coming/internal/handler/event_cache_handler.go:77.16,80.3 2 0
event-coming/internal/handler/event_cache_handler.go:82.2,83.16 2 0
event-coming/internal/handler/event_cache_handler.go:83.16,86.3 2 0
event-coming/internal/handler/event_cache_handler.go:88.2,89.16 2 0
event-coming/internal/handler/event_cache_handler.go:89.16,93.3 3 0
event-coming/internal/handler/event_cache_handler.go:95.2,100.4 1 0
event-coming/internal/handler/event_cache_handler.go:105.66,110.16 4 0
event-coming/internal/handler/event_cache_handler.go:110.16,113.3 2 0
event-coming/internal/handler/event_cache_handler.go:115.2,116.16 2 0
event-coming/internal/handler/event_cache_handler.go:116.16,119.3 2 0
event-coming/internal/handler/event_cache_handler.go:121.2,122.16 2 0
event-coming/internal/handler/event_cache_handler.go:122.16,126.3 3 0
event-coming/internal/handler/event_cache_handler.go:128.2,135.4 1 0
event-coming/internal/handler/event_handler.go:24.87,29.2 1 1
event-coming/internal/handler/event_handler.go:33.47,36.13 2 1
event-coming/internal/handler/event_handler.go:36.13,39.3 2 1
event-coming/internal/handler/event_handler.go:41.2,42.16 2 1
event-coming/internal/handler/event_handler.go:42.16,45.3 2 1
event-coming/internal/handler/event_handler.go:48.2,49.13 2 1
event-coming/internal/handler/event_handler.go:49.13,52.3 2 1
event-coming/internal/handler/event_handler.go:54.2,55.16 2 1
event-coming/internal/handler/event_handler.go:55.16,58.3 2 1
event-coming/internal/handler/event_handler.go:60.2,61.47 2 1
event-coming/internal/handler/event_handler.go:61.47,64.3 2 1
event-coming/internal/handler/event_handler.go:66.2,67.16 2 0
event-coming/internal/handler/event_handler.go:67.16,74.3 3 0
event-coming/internal/handler/event_handler.go:76.2,76.28 1 0
event-coming/internal/handler/event_handler.go:81.48,83.13 2 1
event-coming/internal/handler/event_handler.go:83.13,86.3 2 1
event-coming/internal/handler/event_handler.go:88.2,89.16 2 1
event-coming/internal/handler/event_handler.go:89.16,92.3 2 1
event-coming/internal/handler/event_handler.go:94.2,96.16 3 1
event-coming/internal/handler/event_handler.go:96.16,99.3 2 1
event-coming/internal/handler/event_handler.go:102.2,105.25 3 0
event-coming/internal/handler/event_handler.go:105.25,107.3 1 0
event-coming/internal/handler/event_handler.go:107.8,109.3 1 0
event-coming/internal/handler/event_handler.go:111.2,111.16 1 0
event-coming/internal/handler/event_handler.go:111.16,112.32 1 0
event-coming/internal/handler/event_handler.go:112.32,115.4 2 0
event-coming/internal/handler/event_handler.go:116.3,121.9 3 0
event-coming/internal/handler/event_handler.go:124.2,124.28 1 0
event-coming/internal/handler/event_handler.go:129.47,131.13 2 1
event-coming/internal/handler/event_handler.go:131.13,134.3 2 0
event-coming/internal/handler/event_handler.go:136.2,137.16 2 1
event-coming/internal/handler/event_handler.go:137.16,140.3 2 0
event-coming/internal/handler/event_handler.go:142.2,144.16 3 1
event-coming/internal/handler/event_handler.go:144.16,147.3 2 1
event-coming/internal/handler/event_handler.go:149.2,150.47 2 1
event-coming/internal/handler/event_handler.go:150.47,153.3 2 1
event-coming/internal/handler/event_handler.go:155.2,156.16 2 0
event-coming/internal/handler/event_handler.go:156.16,157.32 1 0
event-coming/internal/handler/event_handler.go:157.32,160.4 2 0
event-coming/internal/handler/event_handler.go:161.3,166.9 3 0
event-coming/internal/handler/event_handler.go:169.2,169.28 1 0
event-coming/internal/handler/event_handler.go:174.47,176.13 2 1
event-coming/internal/handler/event_handler.go:176.13,179.3 2 0
event-coming/internal/handler/event_handler.go:181.2,182.16 2 1
event-coming/internal/handler/event_handler.go:182.16,185.3 2 0
event-coming/internal/handler/event_handler.go:187.2,189.16 3 1
event-coming/internal/handler/event_handler.go:189.16,192.3 2 1
event-coming/internal/handler/event_handler.go:194.2,194.78 1 0
event-coming/internal/handler/event_handler.go:194.78,195.32 1 0
event-coming/internal/handler/event_handler.go:195.32,198.4 2 0
event-coming/internal/handler/event_handler.go:199.3,204.9 3 0
event-coming/internal/handler/event_handler.go:207.2,207.23 1 0
event-coming/internal/handler/event_handler.go:212.45,214.13 2 1
event-coming/internal/handler/event_handler.go:214.13,217.3 2 1
event-coming/internal/handler/event_handler.go:219.2,220.16 2 0
event-coming/internal/handler/event_handler.go:220.16,223.3 2 0
event-coming/internal/handler/event_handler.go:226.2,229.14 3 0
event-coming/internal/handler/event_handler.go:229.14,231.3 1 0
event-coming/internal/handler/event_handler.go:232.2,232.34 1 0
event-coming/internal/handler/event_handler.go:232.34,234.3 1 0
event-coming/internal/handler/event_handler.go:237.2,242.21 4 0
event-coming/internal/handler/event_handler.go:242.21,245.3 2 0
event-coming/internal/handler/event_handler.go:245.8,247.3 1 0
event-coming/internal/handler/event_handler.go:249.2,249.16 1 0
event-coming/internal/handler/event_handler.go:249.16,256.3 3 0
event-coming/internal/handler/event_handler.go:258.2,258.53 1 0
event-coming/internal/handler/event_handler.go:263.49,265.13 2 0
event-coming/internal/handler/event_handler.go:265.13,268.3 2 0
event-coming/internal/handler/event_handler.go:270.2,271.16 2 0
event-coming/internal/handler/event_handler.go:271.16,274.3 2 0
event-coming/internal/handler/event_handler.go:276.2,278.16 3 0
event-coming/internal/handler/event_handler.go:278.16,281.3 2 0
event-coming/internal/handler/event_handler.go:283.2,284.16 2 0
event-coming/internal/handler/event_handler.go:284.16,285.32 1 0
event-coming/internal/handler/event_handler.go:285.32,288.4 2 0
event-coming/internal/handler/event_handler.go:289.3,294.9 3 0
event-coming/internal/handler/event_handler.go:297.2,297.28 1 0
event-coming/internal/handler/event_handler.go:302.47,304.13 2 0
event-coming/internal/handler/event_handler.go:304.13,307.3 2 0
event-coming/internal/handler/event_handler.go:309.2,310.16 2 0
event-coming/internal/handler/event_handler.go:310.16,313.3 2 0
event-coming/internal/handler/event_handler.go:315.2,317.16 3 0
event-coming/internal/handler/event_handler.go:317.16,320.3 2 0
event-coming/internal/handler/event_handler.go:322.2,323.16 2 0
event-coming/internal/handler/event_handler.go:323.16,324.32 1 0
event-coming/internal/handler/event_handler.go:324.32,327.4 2 0
event-coming/internal/handler/event_handler.go:328.3,333.9 3 0
event-coming/internal/handler/event_handler.go:336.2,336.28 1 0
event-coming/internal/handler/event_handler.go:341.49,343.13 2 0
event-coming/internal/handler/event_handler.go:343.13,346.3 2 0
event-coming/internal/handler/event_handler.go:348.2,349.16 2 0
event-coming/internal/handler/event_handler.go:349.16,352.3 2 0
event-coming/internal/handler/event_handler.go:354.2,356.16 3 0
event-coming/internal/handler/event_handler.go:356.16,359.3 2 0
event-coming/internal/handler/event_handler.go:361.2,362.16 2 0
event-coming/internal/handler/event_handler.go:362.16,363.32 1 0
event-coming/internal/handler/event_handler.go:363.32,366.4 2 0
event-coming/internal/handler/event_handler.go:367.3,372.9 3 0
event-coming/internal/handler/event_handler.go:375.2,375.28 1 0
event-coming/internal/handler/location_handler.go:29.20,35.2 1 1
event-coming/internal/handler/location_handler.go:39.58,41.16 2 1
event-coming/internal/handler/location_handler.go:41.16,44.3 2 1
event-coming/internal/handler/location_handler.go:46.2,47.13 2 1
event-coming/internal/handler/location_handler.go:47.13,50.3 2 1
event-coming/internal/handler/location_handler.go:52.2,53.47 2 1
event-coming/internal/handler/location_handler.go:53.47,56.3 2 1
event-coming/internal/handler/location_handler.go:58.2,59.16 2 0
event-coming/internal/handler/location_handler.go:59.16,60.32 1 0
event-coming/internal/handler/location_handler.go:60.32,63.4 2 0
event-coming/internal/handler/location_handler.go:64.3,65.9 2 0
event-coming/internal/handler/location_handler.go:68.2,68.29 1 0
event-coming/internal/handler/location_handler.go:73.62,75.16 2 1
event-coming/internal/handler/location_handler.go:75.16,78.3 2 1
event-coming/internal/handler/location_handler.go:80.2,81.13 2 0
event-coming/internal/handler/location_handler.go:81.13,84.3 2 0
event-coming/internal/handler/location_handler.go:87.2,91.47 4 0
event-coming/internal/handler/location_handler.go:91.47,92.67 1 0
event-coming/internal/handler/location_handler.go:92.67,94.4 1 0
event-coming/internal/handler/location_handler.go:96.2,96.41 1 0
event-coming/internal/handler/location_handler.go:96.41,97.65 1 0
event-coming/internal/handler/location_handler.go:97.65,99.4 1 0
event-coming/internal/handler/location_handler.go:102.2,109.16 2 0
event-coming/internal/handler/location_handler.go:109.16,112.3 2 0
event-coming/internal/handler/location_handler.go:114.2,114.32 1 0
event-coming/internal/handler/location_handler.go:119.61,121.16 2 1
event-coming/internal/handler/location_handler.go:121.16,124.3 2 1
event-coming/internal/handler/location_handler.go:126.2,127.13 2 0
event-coming/internal/handler/location_handler.go:127.13,130.3 2 0
event-coming/internal/handler/location_handler.go:132.2,137.16 2 0
event-coming/internal/handler/location_handler.go:137.16,138.32 1 0
event-coming/internal/handler/location_handler.go:138.32,141.4 2 0
event-coming/internal/handler/location_handler.go:142.3,143.9 2 0
event-coming/internal/handler/location_handler.go:146.2,146.31 1 0
event-coming/internal/handler/location_handler.go:151.61,153.16 2 1
event-coming/internal/handler/location_handler.go:153.16,156.3 2 1
event-coming/internal/handler/location_handler.go:158.2,159.13 2 0
event-coming/internal/handler/location_handler.go:159.13,162.3 2 0
event-coming/internal/handler/location_handler.go:164.2,169.16 2 0
event-coming/internal/handler/location_handler.go:169.16,172.3 2 0
event-coming/internal/handler/location_handler.go:174.2,174.32 1 0
event-coming/internal/handler/location_handler.go:179.61,181.16 2 1
event-coming/internal/handler/location_handler.go:181.16,184.3 2 1
event-coming/internal/handler/location_handler.go:186.2,187.13 2 0
event-coming/internal/handler/location_handler.go:187.13,190.3 2 0
event-coming/internal/handler/location_handler.go:192.2,193.22 2 0
event-coming/internal/handler/location_handler.go:193.22,196.3 2 0
event-coming/internal/handler/location_handler.go:198.2,199.16 2 0
event-coming/internal/handler/location_handler.go:199.16,202.3 2 0
event-coming/internal/handler/location_handler.go:205.2,206.16 2 0
event-coming/internal/handler/location_handler.go:206.16,207.32 1 0
event-coming/internal/handler/location_handler.go:207.32,210.4 2 0
event-coming/internal/handler/location_handler.go:211.3,212.9 2 0
event-coming/internal/handler/location_handler.go:215.2,215.54 1 0
event-coming/internal/handler/location_handler.go:215.54,218.3 2 0
event-coming/internal/handler/location_handler.go:220.2,227.16 2 0
event-coming/internal/handler/location_handler.go:227.16,230.3 2 0
event-coming/internal/handler/location_handler.go:232.2,233.34 2 0
event-coming/internal/handler/location_handler.go:238.56,240.16 2 1
event-coming/internal/handler/location_handler.go:240.16,243.3 2 1
event-coming/internal/handler/location_handler.go:245.2,246.13 2 0
event-coming/internal/handler/location_handler.go:246.13,249.3 2 0
event-coming/internal/handler/location_handler.go:252.2,253.16 2 0
event-coming/internal/handler/location_handler.go:253.16,254.32 1 0
event-coming/internal/handler/location_handler.go:254.32,257.4 2 0
event-coming/internal/handler/location_handler.go:258.3,259.9 2 0
event-coming/internal/handler/location_handler.go:262.2,262.54 1 0
event-coming/internal/handler/location_handler.go:262.54,265.3 2 0
event-coming/internal/handler/location_handler.go:268.2,269.39 2 0
event-coming/internal/handler/location_handler.go:269.39,271.3 1 0
event-coming/internal/handler/location_handler.go:274.2,281.16 2 0
event-coming/internal/handler/location_handler.go:281.16,284.3 2 0
event-coming/internal/handler/location_handler.go:286.2,287.31 2 0
event-coming/internal/handler/participant_handler.go:23.105,28.2 1 1
event-coming/internal/handler/participant_handler.go:32.53,34.13 2 1
event-coming/internal/handler/participant_handler.go:34.13,37.3 2 1
event-coming/internal/handler/participant_handler.go:39.2,40.16 2 1
event-coming/internal/handler/participant_handler.go:40.16,43.3 2 1
event-coming/internal/handler/participant_handler.go:45.2,47.16 3 1
event-coming/internal/handler/participant_handler.go:47.16,50.3 2 1
event-coming/internal/handler/participant_handler.go:52.2,53.47 2 1
event-coming/internal/handler/participant_handler.go:53.47,56.3 2 1
event-coming/internal/handler/participant_handler.go:58.2,59.16 2 0
event-coming/internal/handler/participant_handler.go:59.16,65.39 2 0
event-coming/internal/handler/participant_handler.go:65.39,68.4 2 0
event-coming/internal/handler/participant_handler.go:69.3,69.87 1 0
event-coming/internal/handler/participant_handler.go:69.87,72.4 2 0
event-coming/internal/handler/participant_handler.go:74.3,75.9 2 0
event-coming/internal/handler/participant_handler.go:78.2,78.34 1 0
event-coming/internal/handler/participant_handler.go:83.54,85.13 2 1
event-coming/internal/handler/participant_handler.go:85.13,88.3 2 0
event-coming/internal/handler/participant_handler.go:90.2,91.16 2 1
event-coming/internal/handler/participant_handler.go:91.16,94.3 2 0
event-coming/internal/handler/participant_handler.go:96.2,98.16 3 1
event-coming/internal/handler/participant_handler.go:98.16,101.3 2 1
event-coming/internal/handler/participant_handler.go:103.2,104.16 2 0
event-coming/internal/handler/participant_handler.go:104.16,111.3 3 0
event-coming/internal/handler/participant_handler.go:113.2,113.34 1 0
event-coming/internal/handler/participant_handler.go:118.53,120.13 2 1
event-coming/internal/handler/participant_handler.go:120.13,123.3 2 0
event-coming/internal/handler/participant_handler.go:125.2,126.16 2 1
event-coming/internal/handler/participant_handler.go:126.16,129.3 2 0
event-coming/internal/handler/participant_handler.go:131.2,133.16 3 1
event-coming/internal/handler/participant_handler.go:133.16,136.3 2 1
event-coming/internal/handler/participant_handler.go:138.2,139.47 2 0
event-coming/internal/handler/participant_handler.go:139.47,142.3 2 0
event-coming/internal/handler/participant_handler.go:144.2,145.16 2 0
event-coming/internal/handler/participant_handler.go:145.16,152.3 3 0
event-coming/internal/handler/participant_handler.go:154.2,154.34 1 0
event-coming/internal/handler/participant_handler.go:159.53,161.13 2 1
event-coming/internal/handler/participant_handler.go:161.13,164.3 2 0
event-coming/internal/handler/participant_handler.go:166.2,167.16 2 1
event-coming/internal/handler/participant_handler.go:167.16,170.3 2 0
event-coming/internal/handler/participant_handler.go:172.2,174.16 3 1
event-coming/internal/handler/participant_handler.go:174.16,177.3 2 1
event-coming/internal/handler/participant_handler.go:179.2,179.84 1 0
event-coming/internal/handler/participant_handler.go:179.84,186.3 3 0
event-coming/internal/handler/participant_handler.go:188.2,188.23 1 0
event-coming/internal/handler/participant_handler.go:193.58,195.13 2 1
event-coming/internal/handler/participant_handler.go:195.13,198.3 2 0
event-coming/internal/handler/participant_handler.go:200.2,201.16 2 1
event-coming/internal/handler/participant_handler.go:201.16,204.3 2 0
event-coming/internal/handler/participant_handler.go:206.2,208.16 3 1
event-coming/internal/handler/participant_handler.go:208.16,211.3 2 1
event-coming/internal/handler/participant_handler.go:214.2,217.14 3 0
event-coming/internal/handler/participant_handler.go:217.14,219.3 1 0
event-coming/internal/handler/participant_handler.go:220.2,220.34 1 0
event-coming/internal/handler/participant_handler.go:220.34,222.3 1 0
event-coming/internal/handler/participant_handler.go:224.2,225.16 2 0
event-coming/internal/handler/participant_handler.go:225.16,232.3 3 0
event-coming/internal/handler/participant_handler.go:234.2,234.59 1 0
event-coming/internal/handler/participant_handler.go:239.54,241.13 2 0
event-coming/internal/handler/participant_handler.go:241.13,244.3 2 0
event-coming/internal/handler/participant_handler.go:246.2,247.16 2 0
event-coming/internal/handler/participant_handler.go:247.16,250.3 2 0
event-coming/internal/handler/participant_handler.go:252.2,254.16 3 0
event-coming/internal/handler/participant_handler.go:254.16,257.3 2 0
event-coming/internal/handler/participant_handler.go:259.2,260.16 2 0
event-coming/internal/handler/participant_handler.go:260.16,267.3 3 0
event-coming/internal/handler/participant_handler.go:269.2,269.34 1 0
event-coming/internal/handler/participant_handler.go:274.54,276.13 2 0
event-coming/internal/handler/participant_handler.go:276.13,279.3 2 0
event-coming/internal/handler/participant_handler.go:281.2,282.16 2 0
event-coming/internal/handler/participant_handler.go:282.16,285.3 2 0
event-coming/internal/handler/participant_handler.go:287.2,289.16 3 0
event-coming/internal/handler/participant_handler.go:289.16,292.3 2 0
event-coming/internal/handler/participant_handler.go:294.2,295.16 2 0
event-coming/internal/handler/participant_handler.go:295.16,302.3 3 0
event-coming/internal/handler/participant_handler.go:304.2,304.34 1 0
event-coming/internal/handler/participant_handler.go:309.58,311.13 2 0
event-coming/internal/handler/participant_handler.go:311.13,314.3 2 0
event-coming/internal/handler/participant_handler.go:316.2,317.16 2 0
event-coming/internal/handler/participant_handler.go:317.16,320.3 2 0
event-coming/internal/handler/participant_handler.go:322.2,324.16 3 0
event-coming/internal/handler/participant_handler.go:324.16,327.3 2 0
event-coming/internal/handler/participant_handler.go:329.2,330.47 2 0
event-coming/internal/handler/participant_handler.go:330.47,333.3 2 0
event-coming/internal/handler/participant_handler.go:335.2,339.29 3 0
event-coming/internal/handler/participant_handler.go:339.29,341.3 1 0
event-coming/internal/handler/participant_handler.go:343.2,349.4 1 0
event-coming/internal/handler/webhook_handler.go:37.19,44.2 1 1
event-coming/internal/handler/webhook_handler.go:48.56,53.62 4 1
event-coming/internal/handler/webhook_handler.go:53.62,57.3 3 1
event-coming/internal/handler/webhook_handler.go:59.2,63.77 2 1
event-coming/internal/handler/webhook_handler.go:68.56,71.16 2 0
event-coming/internal/handler/webhook_handler.go:71.16,75.3 3 0
event-coming/internal/handler/webhook_handler.go:78.2,78.31 1 0
event-coming/internal/handler/webhook_handler.go:78.31,80.42 2 0
event-coming/internal/handler/webhook_handler.go:80.42,84.4 3 0
event-coming/internal/handler/webhook_handler.go:88.2,89.51 2 0
event-coming/internal/handler/webhook_handler.go:89.51,93.3 3 0
event-coming/internal/handler/webhook_handler.go:96.2,96.38 1 0
event-coming/internal/handler/webhook_handler.go:96.38,97.40 1 0
event-coming/internal/handler/webhook_handler.go:97.40,98.34 1 0
event-coming/internal/handler/webhook_handler.go:98.34,100.5 1 0
event-coming/internal/handler/webhook_handler.go:105.2,105.25 1 0
event-coming/internal/handler/webhook_handler.go:109.80,110.37 1 0
event-coming/internal/handler/webhook_handler.go:110.37,111.19 1 0
event-coming/internal/handler/webhook_handler.go:112.19,113.35 1 0
event-coming/internal/handler/webhook_handler.go:114.22,115.38 1 0
event-coming/internal/handler/webhook_handler.go:116.17,117.33 1 0
event-coming/internal/handler/webhook_handler.go:118.15,119.31 1 0
event-coming/internal/handler/webhook_handler.go:125.86,126.25 1 0
event-coming/internal/handler/webhook_handler.go:126.25,128.3 1 0
event-coming/internal/handler/webhook_handler.go:130.2,139.16 4 0
event-coming/internal/handler/webhook_handler.go:139.16,145.3 2 0
event-coming/internal/handler/webhook_handler.go:148.2,149.68 2 0
event-coming/internal/handler/webhook_handler.go:149.68,151.3 1 0
event-coming/internal/handler/webhook_handler.go:154.2,166.16 3 0
event-coming/internal/handler/webhook_handler.go:166.16,172.3 2 0
event-coming/internal/handler/webhook_handler.go:174.2,177.3 1 0
event-coming/internal/handler/webhook_handler.go:181.89,182.66 1 0
event-coming/internal/handler/webhook_handler.go:182.66,184.3 1 0
event-coming/internal/handler/webhook_handler.go:186.2,194.62 4 0
event-coming/internal/handler/webhook_handler.go:198.84,199.23 1 0
event-coming/internal/handler/webhook_handler.go:199.23,201.3 1 0
event-coming/internal/handler/webhook_handler.go:203.2,211.62 4 0
event-coming/internal/handler/webhook_handler.go:215.82,216.21 1 0
event-coming/internal/handler/webhook_handler.go:216.21,218.3 1 0
event-coming/internal/handler/webhook_handler.go:220.2,229.14 4 0
event-coming/internal/handler/webhook_handler.go:230.44,231.63 1 0
event-coming/internal/handler/webhook_handler.go:232.44,233.62 1 0
event-coming/internal/handler/webhook_handler.go:238.99,241.16 2 0
event-coming/internal/handler/webhook_handler.go:241.16,247.3 2 0
event-coming/internal/handler/webhook_handler.go:249.2,250.17 2 0
event-coming/internal/handler/webhook_handler.go:251.48,252.48 1 0
event-coming/internal/handler/webhook_handler.go:253.45,254.45 1 0
event-coming/internal/handler/webhook_handler.go:255.10,260.9 2 0
event-coming/internal/handler/webhook_handler.go:264.2,265.16 2 0
event-coming/internal/handler/webhook_handler.go:265.16,271.3 2 0
event-coming/internal/handler/webhook_handler.go:273.2,277.3 1 0
event-coming/internal/handler/webhook_handler.go:281.78,282.21 1 0
event-coming/internal/handler/webhook_handler.go:282.21,284.3 1 0
event-coming/internal/handler/webhook_handler.go:287.2,287.54 1 0
event-coming/internal/handler/webhook_handler.go:287.54,289.3 1 0
event-coming/internal/handler/webhook_handler.go:291.2,295.59 4 0
event-coming/internal/handler/websocket_handler.go:16.42,19.3 1 0
event-coming/internal/handler/websocket_handler.go:30.110,36.2 1 1
event-coming/internal/handler/websocket_handler.go:40.61,44.34 3 1
event-coming/internal/handler/websocket_handler.go:44.34,47.3 2 1
event-coming/internal/handler/websocket_handler.go:50.2,55.16 4 0
event-coming/internal/handler/websocket_handler.go:55.16,58.3 2 0
event-coming/internal/handler/websocket_handler.go:61.2,67.12 3 0
event-coming/internal/handler/websocket_handler.go:67.12,68.81 1 0
event-coming/internal/handler/websocket_handler.go:68.81,74.4 1 0
event-coming/internal/handler/websocket_handler.go:78.2,85.3 3 0
