mode: set
event-coming/internal/handler/middleware/auth.go:16.60,17.30 1 1
event-coming/internal/handler/middleware/auth.go:17.30,19.23 2 1
event-coming/internal/handler/middleware/auth.go:19.23,23.4 3 1
event-coming/internal/handler/middleware/auth.go:26.3,27.46 2 1
event-coming/internal/handler/middleware/auth.go:27.46,31.4 3 1
event-coming/internal/handler/middleware/auth.go:33.3,36.84 2 1
event-coming/internal/handler/middleware/auth.go:36.84,38.4 1 1
event-coming/internal/handler/middleware/auth.go:40.3,40.33 1 1
event-coming/internal/handler/middleware/auth.go:40.33,44.4 3 1
event-coming/internal/handler/middleware/auth.go:47.3,48.10 2 1
event-coming/internal/handler/middleware/auth.go:48.10,52.4 3 0
event-coming/internal/handler/middleware/auth.go:55.3,55.54 1 1
event-coming/internal/handler/middleware/auth.go:55.54,56.56 1 1
event-coming/internal/handler/middleware/auth.go:56.56,58.5 1 1
event-coming/internal/handler/middleware/auth.go:61.3,61.48 1 1
event-coming/internal/handler/middleware/auth.go:61.48,63.4 1 1
event-coming/internal/handler/middleware/auth.go:65.3,65.61 1 1
event-coming/internal/handler/middleware/auth.go:65.61,66.54 1 1
event-coming/internal/handler/middleware/auth.go:66.54,68.5 1 1
event-coming/internal/handler/middleware/auth.go:71.3,71.46 1 1
event-coming/internal/handler/middleware/auth.go:71.46,73.4 1 1
event-coming/internal/handler/middleware/auth.go:75.3,75.11 1 1
event-coming/internal/handler/middleware/cors.go:8.29,9.30 1 1
event-coming/internal/handler/middleware/cors.go:9.30,15.36 5 1
event-coming/internal/handler/middleware/cors.go:15.36,18.4 2 1
event-coming/internal/handler/middleware/cors.go:20.3,20.11 1 1
event-coming/internal/handler/middleware/logger.go:9.49,10.30 1 1
event-coming/internal/handler/middleware/logger.go:10.30,27.3 4 1
event-coming/internal/handler/middleware/recovery.go:13.51,14.30 1 1
event-coming/internal/handler/middleware/recovery.go:14.30,15.16 1 1
event-coming/internal/handler/middleware/recovery.go:15.16,16.36 1 1
event-coming/internal/handler/middleware/recovery.go:16.36,27.5 4 1
event-coming/internal/handler/middleware/recovery.go:30.3,30.11 1 1
event-coming/internal/handler/middleware/request_id.go:9.34,10.30 1 1
event-coming/internal/handler/middleware/request_id.go:10.30,12.22 2 1
event-coming/internal/handler/middleware/request_id.go:12.22,14.4 1 1
event-coming/internal/handler/middleware/request_id.go:16.3,19.11 3 1
