mode: set
event-coming/internal/dto/entity.go:58.57,59.14 1 1
event-coming/internal/dto/entity.go:59.14,61.3 1 1
event-coming/internal/dto/entity.go:63.2,79.25 2 1
event-coming/internal/dto/entity.go:79.25,81.36 2 1
event-coming/internal/dto/entity.go:81.36,84.4 2 1
event-coming/internal/dto/entity.go:87.2,87.13 1 1
event-coming/internal/dto/entity.go:91.72,93.29 2 1
event-coming/internal/dto/entity.go:93.29,95.3 1 1
event-coming/internal/dto/entity.go:96.2,96.18 1 1
event-coming/internal/dto/event.go:88.54,107.2 1 1
event-coming/internal/dto/location.go:44.65,45.16 1 1
event-coming/internal/dto/location.go:45.16,47.3 1 1
event-coming/internal/dto/location.go:48.2,61.3 1 1
event-coming/internal/dto/location.go:65.79,67.32 2 1
event-coming/internal/dto/location.go:67.32,69.3 1 1
event-coming/internal/dto/location.go:70.2,70.18 1 1
event-coming/internal/dto/location.go:85.56,86.19 1 1
event-coming/internal/dto/location.go:86.19,88.3 1 1
event-coming/internal/dto/location.go:89.2,95.3 1 1
event-coming/internal/dto/location.go:99.65,101.28 2 1
event-coming/internal/dto/location.go:101.28,103.3 1 1
event-coming/internal/dto/location.go:104.2,104.18 1 1
event-coming/internal/dto/location.go:116.98,123.2 1 1
event-coming/internal/dto/participant.go:58.72,71.2 1 1
event-coming/internal/domain/entity.go:66.34,68.2 1 1
event-coming/internal/domain/entity.go:72.41,74.2 1 1
event-coming/internal/domain/event.go:51.33,53.2 1 1
event-coming/internal/domain/event.go:68.41,70.2 1 1
event-coming/internal/domain/location.go:26.36,28.2 1 1
event-coming/internal/domain/participant.go:39.39,41.2 1 1
event-coming/internal/domain/scheduler.go:47.37,49.2 1 1
event-coming/internal/domain/user.go:35.32,37.2 1 1
event-coming/internal/domain/user.go:53.38,55.2 1 1
event-coming/internal/domain/user.go:81.40,83.2 1 1
event-coming/internal/domain/user.go:111.46,113.2 1 1
event-coming/internal/cache/location_buffer.go:21.62,23.2 1 1
event-coming/internal/cache/location_buffer.go:26.85,28.2 1 1
event-coming/internal/cache/location_buffer.go:31.125,34.14 2 1
event-coming/internal/cache/location_buffer.go:34.14,37.3 1 1
event-coming/internal/cache/location_buffer.go:39.2,41.42 2 1
event-coming/internal/cache/location_buffer.go:45.111,48.16 2 1
event-coming/internal/cache/location_buffer.go:48.16,50.3 1 0
event-coming/internal/cache/location_buffer.go:53.2,54.67 2 1
event-coming/internal/cache/location_buffer.go:54.67,56.3 1 0
event-coming/internal/cache/location_buffer.go:59.2,60.69 2 1
event-coming/internal/cache/location_buffer.go:60.69,62.3 1 0
event-coming/internal/cache/location_buffer.go:65.2,66.67 2 1
event-coming/internal/cache/location_buffer.go:66.67,69.3 1 0
event-coming/internal/cache/location_buffer.go:71.2,71.12 1 1
event-coming/internal/cache/location_buffer.go:75.122,78.16 2 1
event-coming/internal/cache/location_buffer.go:78.16,80.3 1 0
event-coming/internal/cache/location_buffer.go:83.2,84.14 2 1
event-coming/internal/cache/location_buffer.go:84.14,86.3 1 1
event-coming/internal/cache/location_buffer.go:87.2,92.69 3 1
event-coming/internal/cache/location_buffer.go:92.69,94.3 1 0
event-coming/internal/cache/location_buffer.go:97.2,100.12 3 1
event-coming/internal/cache/location_buffer.go:104.116,119.16 4 1
event-coming/internal/cache/location_buffer.go:119.16,121.3 1 0
event-coming/internal/cache/location_buffer.go:123.2,124.9 2 1
event-coming/internal/cache/location_buffer.go:124.9,126.3 1 0
event-coming/internal/cache/location_buffer.go:128.2,129.29 2 1
event-coming/internal/cache/location_buffer.go:129.29,131.10 2 1
event-coming/internal/cache/location_buffer.go:131.10,132.12 1 0
event-coming/internal/cache/location_buffer.go:135.3,136.59 2 1
event-coming/internal/cache/location_buffer.go:136.59,137.12 1 0
event-coming/internal/cache/location_buffer.go:139.3,139.38 1 1
event-coming/internal/cache/location_buffer.go:142.2,142.23 1 1
event-coming/internal/cache/location_buffer.go:146.125,150.22 3 1
event-coming/internal/cache/location_buffer.go:150.22,152.3 1 1
event-coming/internal/cache/location_buffer.go:153.2,153.16 1 1
event-coming/internal/cache/location_buffer.go:153.16,155.3 1 0
event-coming/internal/cache/location_buffer.go:157.2,158.64 2 1
event-coming/internal/cache/location_buffer.go:158.64,160.3 1 0
event-coming/internal/cache/location_buffer.go:162.2,162.23 1 1
event-coming/internal/cache/location_buffer.go:166.149,167.30 1 1
event-coming/internal/cache/location_buffer.go:167.30,169.3 1 1
event-coming/internal/cache/location_buffer.go:172.2,173.37 2 1
event-coming/internal/cache/location_buffer.go:173.37,175.3 1 1
event-coming/internal/cache/location_buffer.go:178.2,179.16 2 1
event-coming/internal/cache/location_buffer.go:179.16,181.3 1 0
event-coming/internal/cache/location_buffer.go:183.2,184.33 2 1
event-coming/internal/cache/location_buffer.go:184.33,185.20 1 1
event-coming/internal/cache/location_buffer.go:185.20,186.12 1 1
event-coming/internal/cache/location_buffer.go:189.3,190.10 2 1
event-coming/internal/cache/location_buffer.go:190.10,191.12 1 0
event-coming/internal/cache/location_buffer.go:194.3,195.59 2 1
event-coming/internal/cache/location_buffer.go:195.59,196.12 1 0
event-coming/internal/cache/location_buffer.go:198.3,198.38 1 1
event-coming/internal/cache/location_buffer.go:201.2,201.23 1 1
event-coming/internal/cache/location_buffer.go:205.97,208.2 2 1
event-coming/internal/cache/redis.go:14.69,30.47 4 0
event-coming/internal/cache/redis.go:30.47,32.3 1 0
event-coming/internal/cache/redis.go:34.2,34.20 1 0
event-coming/internal/handler/middleware/auth.go:16.60,17.30 1 1
event-coming/internal/handler/middleware/auth.go:17.30,19.23 2 1
event-coming/internal/handler/middleware/auth.go:19.23,23.4 3 1
event-coming/internal/handler/middleware/auth.go:26.3,27.46 2 1
event-coming/internal/handler/middleware/auth.go:27.46,31.4 3 1
event-coming/internal/handler/middleware/auth.go:33.3,36.84 2 1
event-coming/internal/handler/middleware/auth.go:36.84,38.4 1 1
event-coming/internal/handler/middleware/auth.go:40.3,40.33 1 1
event-coming/internal/handler/middleware/auth.go:40.33,44.4 3 1
event-coming/internal/handler/middleware/auth.go:47.3,48.10 2 1
event-coming/internal/handler/middleware/auth.go:48.10,52.4 3 0
event-coming/internal/handler/middleware/auth.go:55.3,55.54 1 1
event-coming/internal/handler/middleware/auth.go:55.54,56.56 1 1
event-coming/internal/handler/middleware/auth.go:56.56,58.5 1 1
event-coming/internal/handler/middleware/auth.go:61.3,61.48 1 1
event-coming/internal/handler/middleware/auth.go:61.48,63.4 1 1
event-coming/internal/handler/middleware/auth.go:65.3,65.61 1 1
event-coming/internal/handler/middleware/auth.go:65.61,66.54 1 1
event-coming/internal/handler/middleware/auth.go:66.54,68.5 1 1
event-coming/internal/handler/middleware/auth.go:71.3,71.46 1 1
event-coming/internal/handler/middleware/auth.go:71.46,73.4 1 1
event-coming/internal/handler/middleware/auth.go:75.3,75.11 1 1
event-coming/internal/handler/middleware/cors.go:8.29,9.30 1 1
event-coming/internal/handler/middleware/cors.go:9.30,15.36 5 1
event-coming/internal/handler/middleware/cors.go:15.36,18.4 2 1
event-coming/internal/handler/middleware/cors.go:20.3,20.11 1 1
event-coming/internal/handler/middleware/logger.go:9.49,10.30 1 1
event-coming/internal/handler/middleware/logger.go:10.30,27.3 4 1
event-coming/internal/handler/middleware/recovery.go:13.51,14.30 1 1
event-coming/internal/handler/middleware/recovery.go:14.30,15.16 1 1
event-coming/internal/handler/middleware/recovery.go:15.16,16.36 1 1
event-coming/internal/handler/middleware/recovery.go:16.36,27.5 4 1
event-coming/internal/handler/middleware/recovery.go:30.3,30.11 1 1
event-coming/internal/handler/middleware/request_id.go:9.34,10.30 1 1
event-coming/internal/handler/middleware/request_id.go:10.30,12.22 2 1
event-coming/internal/handler/middleware/request_id.go:12.22,14.4 1 1
event-coming/internal/handler/middleware/request_id.go:16.3,19.11 3 1
event-coming/internal/handler/auth_handler.go:18.67,22.2 1 1
event-coming/internal/handler/auth_handler.go:25.45,27.47 2 1
event-coming/internal/handler/auth_handler.go:27.47,33.3 2 1
event-coming/internal/handler/auth_handler.go:35.2,36.16 2 1
event-coming/internal/handler/auth_handler.go:36.16,41.3 2 1
event-coming/internal/handler/auth_handler.go:43.2,43.31 1 1
event-coming/internal/handler/auth_handler.go:47.48,50.47 2 1
event-coming/internal/handler/auth_handler.go:50.47,56.3 2 1
event-coming/internal/handler/auth_handler.go:59.2,60.16 2 1
event-coming/internal/handler/auth_handler.go:60.16,66.3 2 1
event-coming/internal/handler/auth_handler.go:69.2,69.36 1 1
event-coming/internal/handler/auth_handler.go:73.47,75.47 2 1
event-coming/internal/handler/auth_handler.go:75.47,81.3 2 1
event-coming/internal/handler/auth_handler.go:83.2,84.16 2 1
event-coming/internal/handler/auth_handler.go:84.16,89.3 2 1
event-coming/internal/handler/auth_handler.go:91.2,91.31 1 1
event-coming/internal/handler/auth_handler.go:95.46,97.47 2 1
event-coming/internal/handler/auth_handler.go:97.47,103.3 2 1
event-coming/internal/handler/auth_handler.go:105.2,105.71 1 1
event-coming/internal/handler/auth_handler.go:105.71,110.3 2 1
event-coming/internal/handler/auth_handler.go:112.2,114.4 1 1
event-coming/internal/handler/auth_handler.go:118.54,120.47 2 1
event-coming/internal/handler/auth_handler.go:120.47,126.3 2 1
event-coming/internal/handler/auth_handler.go:128.2,129.16 2 1
event-coming/internal/handler/auth_handler.go:129.16,135.3 2 1
event-coming/internal/handler/auth_handler.go:137.2,137.31 1 1
event-coming/internal/handler/auth_handler.go:141.53,143.47 2 1
event-coming/internal/handler/auth_handler.go:143.47,149.3 2 1
event-coming/internal/handler/auth_handler.go:151.2,152.16 2 1
event-coming/internal/handler/auth_handler.go:152.16,153.37 1 1
event-coming/internal/handler/auth_handler.go:153.37,158.4 2 1
event-coming/internal/handler/auth_handler.go:159.3,162.9 2 1
event-coming/internal/handler/auth_handler.go:165.2,165.31 1 1
event-coming/internal/handler/entity_handler.go:25.96,30.2 1 1
event-coming/internal/handler/entity_handler.go:33.48,36.47 2 1
event-coming/internal/handler/entity_handler.go:36.47,40.3 3 1
event-coming/internal/handler/entity_handler.go:42.2,42.56 1 0
event-coming/internal/handler/entity_handler.go:42.56,46.3 3 0
event-coming/internal/handler/entity_handler.go:48.2,49.16 2 0
event-coming/internal/handler/entity_handler.go:49.16,53.3 3 0
event-coming/internal/handler/entity_handler.go:55.2,55.29 1 0
event-coming/internal/handler/entity_handler.go:59.49,62.16 3 1
event-coming/internal/handler/entity_handler.go:62.16,65.3 2 1
event-coming/internal/handler/entity_handler.go:67.2,68.16 2 0
event-coming/internal/handler/entity_handler.go:68.16,72.3 3 0
event-coming/internal/handler/entity_handler.go:74.2,74.29 1 0
event-coming/internal/handler/entity_handler.go:78.48,81.16 3 1
event-coming/internal/handler/entity_handler.go:81.16,84.3 2 1
event-coming/internal/handler/entity_handler.go:86.2,87.47 2 1
event-coming/internal/handler/entity_handler.go:87.47,91.3 3 1
event-coming/internal/handler/entity_handler.go:93.2,93.56 1 0
event-coming/internal/handler/entity_handler.go:93.56,97.3 3 0
event-coming/internal/handler/entity_handler.go:99.2,100.16 2 0
event-coming/internal/handler/entity_handler.go:100.16,102.36 2 0
event-coming/internal/handler/entity_handler.go:102.36,105.4 2 0
event-coming/internal/handler/entity_handler.go:106.3,107.9 2 0
event-coming/internal/handler/entity_handler.go:110.2,110.29 1 0
event-coming/internal/handler/entity_handler.go:114.48,117.16 3 1
event-coming/internal/handler/entity_handler.go:117.16,120.3 2 1
event-coming/internal/handler/entity_handler.go:122.2,122.72 1 0
event-coming/internal/handler/entity_handler.go:122.72,126.3 3 0
event-coming/internal/handler/entity_handler.go:128.2,128.23 1 0
event-coming/internal/handler/entity_handler.go:132.46,137.16 4 0
event-coming/internal/handler/entity_handler.go:137.16,141.3 3 0
event-coming/internal/handler/entity_handler.go:143.2,143.55 1 0
event-coming/internal/handler/entity_handler.go:147.54,150.16 3 1
event-coming/internal/handler/entity_handler.go:150.16,153.3 2 1
event-coming/internal/handler/entity_handler.go:155.2,159.16 4 0
event-coming/internal/handler/entity_handler.go:159.16,163.3 3 0
event-coming/internal/handler/entity_handler.go:165.2,165.55 1 0
event-coming/internal/handler/entity_handler.go:169.55,171.20 2 1
event-coming/internal/handler/entity_handler.go:171.20,174.3 2 1
event-coming/internal/handler/entity_handler.go:176.2,177.16 2 0
event-coming/internal/handler/entity_handler.go:177.16,181.3 3 0
event-coming/internal/handler/entity_handler.go:183.2,183.29 1 0
event-coming/internal/handler/event_cache_handler.go:20.102,25.2 1 1
event-coming/internal/handler/event_cache_handler.go:29.59,35.16 4 1
event-coming/internal/handler/event_cache_handler.go:35.16,41.3 2 1
event-coming/internal/handler/event_cache_handler.go:43.2,44.16 2 1
event-coming/internal/handler/event_cache_handler.go:44.16,50.3 2 1
event-coming/internal/handler/event_cache_handler.go:53.2,54.16 2 1
event-coming/internal/handler/event_cache_handler.go:54.16,65.3 3 1
event-coming/internal/handler/event_cache_handler.go:67.2,67.29 1 1
event-coming/internal/handler/event_cache_handler.go:72.62,77.16 4 1
event-coming/internal/handler/event_cache_handler.go:77.16,80.3 2 1
event-coming/internal/handler/event_cache_handler.go:82.2,83.16 2 1
event-coming/internal/handler/event_cache_handler.go:83.16,86.3 2 1
event-coming/internal/handler/event_cache_handler.go:88.2,89.16 2 1
event-coming/internal/handler/event_cache_handler.go:89.16,93.3 3 0
event-coming/internal/handler/event_cache_handler.go:95.2,100.4 1 1
event-coming/internal/handler/event_cache_handler.go:105.66,110.16 4 1
event-coming/internal/handler/event_cache_handler.go:110.16,113.3 2 1
event-coming/internal/handler/event_cache_handler.go:115.2,116.16 2 1
event-coming/internal/handler/event_cache_handler.go:116.16,119.3 2 1
event-coming/internal/handler/event_cache_handler.go:121.2,122.16 2 1
event-coming/internal/handler/event_cache_handler.go:122.16,126.3 3 0
event-coming/internal/handler/event_cache_handler.go:128.2,135.4 1 1
event-coming/internal/handler/event_handler.go:24.87,29.2 1 1
event-coming/internal/handler/event_handler.go:33.47,36.13 2 1
event-coming/internal/handler/event_handler.go:36.13,39.3 2 1
event-coming/internal/handler/event_handler.go:41.2,42.16 2 1
event-coming/internal/handler/event_handler.go:42.16,45.3 2 1
event-coming/internal/handler/event_handler.go:48.2,49.13 2 1
event-coming/internal/handler/event_handler.go:49.13,52.3 2 1
event-coming/internal/handler/event_handler.go:54.2,55.16 2 1
event-coming/internal/handler/event_handler.go:55.16,58.3 2 1
event-coming/internal/handler/event_handler.go:60.2,61.47 2 1
event-coming/internal/handler/event_handler.go:61.47,64.3 2 1
event-coming/internal/handler/event_handler.go:66.2,67.16 2 0
event-coming/internal/handler/event_handler.go:67.16,74.3 3 0
event-coming/internal/handler/event_handler.go:76.2,76.28 1 0
event-coming/internal/handler/event_handler.go:81.48,83.13 2 1
event-coming/internal/handler/event_handler.go:83.13,86.3 2 1
event-coming/internal/handler/event_handler.go:88.2,89.16 2 1
event-coming/internal/handler/event_handler.go:89.16,92.3 2 1
event-coming/internal/handler/event_handler.go:94.2,96.16 3 1
event-coming/internal/handler/event_handler.go:96.16,99.3 2 1
event-coming/internal/handler/event_handler.go:102.2,105.25 3 0
event-coming/internal/handler/event_handler.go:105.25,107.3 1 0
event-coming/internal/handler/event_handler.go:107.8,109.3 1 0
event-coming/internal/handler/event_handler.go:111.2,111.16 1 0
event-coming/internal/handler/event_handler.go:111.16,112.32 1 0
event-coming/internal/handler/event_handler.go:112.32,115.4 2 0
event-coming/internal/handler/event_handler.go:116.3,121.9 3 0
event-coming/internal/handler/event_handler.go:124.2,124.28 1 0
event-coming/internal/handler/event_handler.go:129.47,131.13 2 1
event-coming/internal/handler/event_handler.go:131.13,134.3 2 0
event-coming/internal/handler/event_handler.go:136.2,137.16 2 1
event-coming/internal/handler/event_handler.go:137.16,140.3 2 0
event-coming/internal/handler/event_handler.go:142.2,144.16 3 1
event-coming/internal/handler/event_handler.go:144.16,147.3 2 1
event-coming/internal/handler/event_handler.go:149.2,150.47 2 1
event-coming/internal/handler/event_handler.go:150.47,153.3 2 1
event-coming/internal/handler/event_handler.go:155.2,156.16 2 0
event-coming/internal/handler/event_handler.go:156.16,157.32 1 0
event-coming/internal/handler/event_handler.go:157.32,160.4 2 0
event-coming/internal/handler/event_handler.go:161.3,166.9 3 0
event-coming/internal/handler/event_handler.go:169.2,169.28 1 0
event-coming/internal/handler/event_handler.go:174.47,176.13 2 1
event-coming/internal/handler/event_handler.go:176.13,179.3 2 0
event-coming/internal/handler/event_handler.go:181.2,182.16 2 1
event-coming/internal/handler/event_handler.go:182.16,185.3 2 0
event-coming/internal/handler/event_handler.go:187.2,189.16 3 1
event-coming/internal/handler/event_handler.go:189.16,192.3 2 1
event-coming/internal/handler/event_handler.go:194.2,194.78 1 0
event-coming/internal/handler/event_handler.go:194.78,195.32 1 0
event-coming/internal/handler/event_handler.go:195.32,198.4 2 0
event-coming/internal/handler/event_handler.go:199.3,204.9 3 0
event-coming/internal/handler/event_handler.go:207.2,207.23 1 0
event-coming/internal/handler/event_handler.go:212.45,214.13 2 1
event-coming/internal/handler/event_handler.go:214.13,217.3 2 1
event-coming/internal/handler/event_handler.go:219.2,220.16 2 1
event-coming/internal/handler/event_handler.go:220.16,223.3 2 1
event-coming/internal/handler/event_handler.go:226.2,229.14 3 0
event-coming/internal/handler/event_handler.go:229.14,231.3 1 0
event-coming/internal/handler/event_handler.go:232.2,232.34 1 0
event-coming/internal/handler/event_handler.go:232.34,234.3 1 0
event-coming/internal/handler/event_handler.go:237.2,242.21 4 0
event-coming/internal/handler/event_handler.go:242.21,245.3 2 0
event-coming/internal/handler/event_handler.go:245.8,247.3 1 0
event-coming/internal/handler/event_handler.go:249.2,249.16 1 0
event-coming/internal/handler/event_handler.go:249.16,256.3 3 0
event-coming/internal/handler/event_handler.go:258.2,258.53 1 0
event-coming/internal/handler/event_handler.go:263.49,265.13 2 1
event-coming/internal/handler/event_handler.go:265.13,268.3 2 1
event-coming/internal/handler/event_handler.go:270.2,271.16 2 1
event-coming/internal/handler/event_handler.go:271.16,274.3 2 1
event-coming/internal/handler/event_handler.go:276.2,278.16 3 1
event-coming/internal/handler/event_handler.go:278.16,281.3 2 1
event-coming/internal/handler/event_handler.go:283.2,284.16 2 0
event-coming/internal/handler/event_handler.go:284.16,285.32 1 0
event-coming/internal/handler/event_handler.go:285.32,288.4 2 0
event-coming/internal/handler/event_handler.go:289.3,294.9 3 0
event-coming/internal/handler/event_handler.go:297.2,297.28 1 0
event-coming/internal/handler/event_handler.go:302.47,304.13 2 1
event-coming/internal/handler/event_handler.go:304.13,307.3 2 1
event-coming/internal/handler/event_handler.go:309.2,310.16 2 1
event-coming/internal/handler/event_handler.go:310.16,313.3 2 0
event-coming/internal/handler/event_handler.go:315.2,317.16 3 1
event-coming/internal/handler/event_handler.go:317.16,320.3 2 1
event-coming/internal/handler/event_handler.go:322.2,323.16 2 0
event-coming/internal/handler/event_handler.go:323.16,324.32 1 0
event-coming/internal/handler/event_handler.go:324.32,327.4 2 0
event-coming/internal/handler/event_handler.go:328.3,333.9 3 0
event-coming/internal/handler/event_handler.go:336.2,336.28 1 0
event-coming/internal/handler/event_handler.go:341.49,343.13 2 1
event-coming/internal/handler/event_handler.go:343.13,346.3 2 1
event-coming/internal/handler/event_handler.go:348.2,349.16 2 1
event-coming/internal/handler/event_handler.go:349.16,352.3 2 0
event-coming/internal/handler/event_handler.go:354.2,356.16 3 1
event-coming/internal/handler/event_handler.go:356.16,359.3 2 1
event-coming/internal/handler/event_handler.go:361.2,362.16 2 0
event-coming/internal/handler/event_handler.go:362.16,363.32 1 0
event-coming/internal/handler/event_handler.go:363.32,366.4 2 0
event-coming/internal/handler/event_handler.go:367.3,372.9 3 0
event-coming/internal/handler/event_handler.go:375.2,375.28 1 0
event-coming/internal/handler/location_handler.go:29.20,35.2 1 1
event-coming/internal/handler/location_handler.go:39.58,41.16 2 1
event-coming/internal/handler/location_handler.go:41.16,44.3 2 1
event-coming/internal/handler/location_handler.go:46.2,47.13 2 1
event-coming/internal/handler/location_handler.go:47.13,50.3 2 1
event-coming/internal/handler/location_handler.go:52.2,53.47 2 1
event-coming/internal/handler/location_handler.go:53.47,56.3 2 1
event-coming/internal/handler/location_handler.go:58.2,59.16 2 0
event-coming/internal/handler/location_handler.go:59.16,60.32 1 0
event-coming/internal/handler/location_handler.go:60.32,63.4 2 0
event-coming/internal/handler/location_handler.go:64.3,65.9 2 0
event-coming/internal/handler/location_handler.go:68.2,68.29 1 0
event-coming/internal/handler/location_handler.go:73.62,75.16 2 1
event-coming/internal/handler/location_handler.go:75.16,78.3 2 1
event-coming/internal/handler/location_handler.go:80.2,81.13 2 1
event-coming/internal/handler/location_handler.go:81.13,84.3 2 1
event-coming/internal/handler/location_handler.go:87.2,91.47 4 0
event-coming/internal/handler/location_handler.go:91.47,92.67 1 0
event-coming/internal/handler/location_handler.go:92.67,94.4 1 0
event-coming/internal/handler/location_handler.go:96.2,96.41 1 0
event-coming/internal/handler/location_handler.go:96.41,97.65 1 0
event-coming/internal/handler/location_handler.go:97.65,99.4 1 0
event-coming/internal/handler/location_handler.go:102.2,109.16 2 0
event-coming/internal/handler/location_handler.go:109.16,112.3 2 0
event-coming/internal/handler/location_handler.go:114.2,114.32 1 0
event-coming/internal/handler/location_handler.go:119.61,121.16 2 1
event-coming/internal/handler/location_handler.go:121.16,124.3 2 1
event-coming/internal/handler/location_handler.go:126.2,127.13 2 1
event-coming/internal/handler/location_handler.go:127.13,130.3 2 1
event-coming/internal/handler/location_handler.go:132.2,137.16 2 0
event-coming/internal/handler/location_handler.go:137.16,138.32 1 0
event-coming/internal/handler/location_handler.go:138.32,141.4 2 0
event-coming/internal/handler/location_handler.go:142.3,143.9 2 0
event-coming/internal/handler/location_handler.go:146.2,146.31 1 0
event-coming/internal/handler/location_handler.go:151.61,153.16 2 1
event-coming/internal/handler/location_handler.go:153.16,156.3 2 1
event-coming/internal/handler/location_handler.go:158.2,159.13 2 1
event-coming/internal/handler/location_handler.go:159.13,162.3 2 1
event-coming/internal/handler/location_handler.go:164.2,169.16 2 0
event-coming/internal/handler/location_handler.go:169.16,172.3 2 0
event-coming/internal/handler/location_handler.go:174.2,174.32 1 0
event-coming/internal/handler/location_handler.go:179.61,181.16 2 1
event-coming/internal/handler/location_handler.go:181.16,184.3 2 1
event-coming/internal/handler/location_handler.go:186.2,187.13 2 1
event-coming/internal/handler/location_handler.go:187.13,190.3 2 1
event-coming/internal/handler/location_handler.go:192.2,193.22 2 0
event-coming/internal/handler/location_handler.go:193.22,196.3 2 0
event-coming/internal/handler/location_handler.go:198.2,199.16 2 0
event-coming/internal/handler/location_handler.go:199.16,202.3 2 0
event-coming/internal/handler/location_handler.go:205.2,206.16 2 0
event-coming/internal/handler/location_handler.go:206.16,207.32 1 0
event-coming/internal/handler/location_handler.go:207.32,210.4 2 0
event-coming/internal/handler/location_handler.go:211.3,212.9 2 0
event-coming/internal/handler/location_handler.go:215.2,215.54 1 0
event-coming/internal/handler/location_handler.go:215.54,218.3 2 0
event-coming/internal/handler/location_handler.go:220.2,227.16 2 0
event-coming/internal/handler/location_handler.go:227.16,230.3 2 0
event-coming/internal/handler/location_handler.go:232.2,233.34 2 0
event-coming/internal/handler/location_handler.go:238.56,240.16 2 1
event-coming/internal/handler/location_handler.go:240.16,243.3 2 1
event-coming/internal/handler/location_handler.go:245.2,246.13 2 1
event-coming/internal/handler/location_handler.go:246.13,249.3 2 1
event-coming/internal/handler/location_handler.go:252.2,253.16 2 0
event-coming/internal/handler/location_handler.go:253.16,254.32 1 0
event-coming/internal/handler/location_handler.go:254.32,257.4 2 0
event-coming/internal/handler/location_handler.go:258.3,259.9 2 0
event-coming/internal/handler/location_handler.go:262.2,262.54 1 0
event-coming/internal/handler/location_handler.go:262.54,265.3 2 0
event-coming/internal/handler/location_handler.go:268.2,269.39 2 0
event-coming/internal/handler/location_handler.go:269.39,271.3 1 0
event-coming/internal/handler/location_handler.go:274.2,281.16 2 0
event-coming/internal/handler/location_handler.go:281.16,284.3 2 0
event-coming/internal/handler/location_handler.go:286.2,287.31 2 0
event-coming/internal/handler/participant_handler.go:23.105,28.2 1 1
event-coming/internal/handler/participant_handler.go:32.53,34.13 2 1
event-coming/internal/handler/participant_handler.go:34.13,37.3 2 1
event-coming/internal/handler/participant_handler.go:39.2,40.16 2 1
event-coming/internal/handler/participant_handler.go:40.16,43.3 2 1
event-coming/internal/handler/participant_handler.go:45.2,47.16 3 1
event-coming/internal/handler/participant_handler.go:47.16,50.3 2 1
event-coming/internal/handler/participant_handler.go:52.2,53.47 2 1
event-coming/internal/handler/participant_handler.go:53.47,56.3 2 1
event-coming/internal/handler/participant_handler.go:58.2,59.16 2 0
event-coming/internal/handler/participant_handler.go:59.16,65.39 2 0
event-coming/internal/handler/participant_handler.go:65.39,68.4 2 0
event-coming/internal/handler/participant_handler.go:69.3,69.87 1 0
event-coming/internal/handler/participant_handler.go:69.87,72.4 2 0
event-coming/internal/handler/participant_handler.go:74.3,75.9 2 0
event-coming/internal/handler/participant_handler.go:78.2,78.34 1 0
event-coming/internal/handler/participant_handler.go:83.54,85.13 2 1
event-coming/internal/handler/participant_handler.go:85.13,88.3 2 0
event-coming/internal/handler/participant_handler.go:90.2,91.16 2 1
event-coming/internal/handler/participant_handler.go:91.16,94.3 2 0
event-coming/internal/handler/participant_handler.go:96.2,98.16 3 1
event-coming/internal/handler/participant_handler.go:98.16,101.3 2 1
event-coming/internal/handler/participant_handler.go:103.2,104.16 2 0
event-coming/internal/handler/participant_handler.go:104.16,111.3 3 0
event-coming/internal/handler/participant_handler.go:113.2,113.34 1 0
event-coming/internal/handler/participant_handler.go:118.53,120.13 2 1
event-coming/internal/handler/participant_handler.go:120.13,123.3 2 0
event-coming/internal/handler/participant_handler.go:125.2,126.16 2 1
event-coming/internal/handler/participant_handler.go:126.16,129.3 2 0
event-coming/internal/handler/participant_handler.go:131.2,133.16 3 1
event-coming/internal/handler/participant_handler.go:133.16,136.3 2 1
event-coming/internal/handler/participant_handler.go:138.2,139.47 2 0
event-coming/internal/handler/participant_handler.go:139.47,142.3 2 0
event-coming/internal/handler/participant_handler.go:144.2,145.16 2 0
event-coming/internal/handler/participant_handler.go:145.16,152.3 3 0
event-coming/internal/handler/participant_handler.go:154.2,154.34 1 0
event-coming/internal/handler/participant_handler.go:159.53,161.13 2 1
event-coming/internal/handler/participant_handler.go:161.13,164.3 2 0
event-coming/internal/handler/participant_handler.go:166.2,167.16 2 1
event-coming/internal/handler/participant_handler.go:167.16,170.3 2 0
event-coming/internal/handler/participant_handler.go:172.2,174.16 3 1
event-coming/internal/handler/participant_handler.go:174.16,177.3 2 1
event-coming/internal/handler/participant_handler.go:179.2,179.84 1 0
event-coming/internal/handler/participant_handler.go:179.84,186.3 3 0
event-coming/internal/handler/participant_handler.go:188.2,188.23 1 0
event-coming/internal/handler/participant_handler.go:193.58,195.13 2 1
event-coming/internal/handler/participant_handler.go:195.13,198.3 2 0
event-coming/internal/handler/participant_handler.go:200.2,201.16 2 1
event-coming/internal/handler/participant_handler.go:201.16,204.3 2 0
event-coming/internal/handler/participant_handler.go:206.2,208.16 3 1
event-coming/internal/handler/participant_handler.go:208.16,211.3 2 1
event-coming/internal/handler/participant_handler.go:214.2,217.14 3 0
event-coming/internal/handler/participant_handler.go:217.14,219.3 1 0
event-coming/internal/handler/participant_handler.go:220.2,220.34 1 0
event-coming/internal/handler/participant_handler.go:220.34,222.3 1 0
event-coming/internal/handler/participant_handler.go:224.2,225.16 2 0
event-coming/internal/handler/participant_handler.go:225.16,232.3 3 0
event-coming/internal/handler/participant_handler.go:234.2,234.59 1 0
event-coming/internal/handler/participant_handler.go:239.54,241.13 2 1
event-coming/internal/handler/participant_handler.go:241.13,244.3 2 1
event-coming/internal/handler/participant_handler.go:246.2,247.16 2 1
event-coming/internal/handler/participant_handler.go:247.16,250.3 2 0
event-coming/internal/handler/participant_handler.go:252.2,254.16 3 1
event-coming/internal/handler/participant_handler.go:254.16,257.3 2 1
event-coming/internal/handler/participant_handler.go:259.2,260.16 2 0
event-coming/internal/handler/participant_handler.go:260.16,267.3 3 0
event-coming/internal/handler/participant_handler.go:269.2,269.34 1 0
event-coming/internal/handler/participant_handler.go:274.54,276.13 2 1
event-coming/internal/handler/participant_handler.go:276.13,279.3 2 1
event-coming/internal/handler/participant_handler.go:281.2,282.16 2 1
event-coming/internal/handler/participant_handler.go:282.16,285.3 2 0
event-coming/internal/handler/participant_handler.go:287.2,289.16 3 1
event-coming/internal/handler/participant_handler.go:289.16,292.3 2 1
event-coming/internal/handler/participant_handler.go:294.2,295.16 2 0
event-coming/internal/handler/participant_handler.go:295.16,302.3 3 0
event-coming/internal/handler/participant_handler.go:304.2,304.34 1 0
event-coming/internal/handler/participant_handler.go:309.58,311.13 2 1
event-coming/internal/handler/participant_handler.go:311.13,314.3 2 1
event-coming/internal/handler/participant_handler.go:316.2,317.16 2 1
event-coming/internal/handler/participant_handler.go:317.16,320.3 2 0
event-coming/internal/handler/participant_handler.go:322.2,324.16 3 1
event-coming/internal/handler/participant_handler.go:324.16,327.3 2 1
event-coming/internal/handler/participant_handler.go:329.2,330.47 2 1
event-coming/internal/handler/participant_handler.go:330.47,333.3 2 1
event-coming/internal/handler/participant_handler.go:335.2,339.29 3 0
event-coming/internal/handler/participant_handler.go:339.29,341.3 1 0
event-coming/internal/handler/participant_handler.go:343.2,349.4 1 0
event-coming/internal/handler/webhook_handler.go:37.19,44.2 1 1
event-coming/internal/handler/webhook_handler.go:48.56,53.62 4 1
event-coming/internal/handler/webhook_handler.go:53.62,57.3 3 1
event-coming/internal/handler/webhook_handler.go:59.2,63.77 2 1
event-coming/internal/handler/webhook_handler.go:68.56,71.16 2 0
event-coming/internal/handler/webhook_handler.go:71.16,75.3 3 0
event-coming/internal/handler/webhook_handler.go:78.2,78.31 1 0
event-coming/internal/handler/webhook_handler.go:78.31,80.42 2 0
event-coming/internal/handler/webhook_handler.go:80.42,84.4 3 0
event-coming/internal/handler/webhook_handler.go:88.2,89.51 2 0
event-coming/internal/handler/webhook_handler.go:89.51,93.3 3 0
event-coming/internal/handler/webhook_handler.go:96.2,96.38 1 0
event-coming/internal/handler/webhook_handler.go:96.38,97.40 1 0
event-coming/internal/handler/webhook_handler.go:97.40,98.34 1 0
event-coming/internal/handler/webhook_handler.go:98.34,100.5 1 0
event-coming/internal/handler/webhook_handler.go:105.2,105.25 1 0
event-coming/internal/handler/webhook_handler.go:109.80,110.37 1 0
event-coming/internal/handler/webhook_handler.go:110.37,111.19 1 0
event-coming/internal/handler/webhook_handler.go:112.19,113.35 1 0
event-coming/internal/handler/webhook_handler.go:114.22,115.38 1 0
event-coming/internal/handler/webhook_handler.go:116.17,117.33 1 0
event-coming/internal/handler/webhook_handler.go:118.15,119.31 1 0
event-coming/internal/handler/webhook_handler.go:125.86,126.25 1 0
event-coming/internal/handler/webhook_handler.go:126.25,128.3 1 0
event-coming/internal/handler/webhook_handler.go:130.2,139.16 4 0
event-coming/internal/handler/webhook_handler.go:139.16,145.3 2 0
event-coming/internal/handler/webhook_handler.go:148.2,149.68 2 0
event-coming/internal/handler/webhook_handler.go:149.68,151.3 1 0
event-coming/internal/handler/webhook_handler.go:154.2,166.16 3 0
event-coming/internal/handler/webhook_handler.go:166.16,172.3 2 0
event-coming/internal/handler/webhook_handler.go:174.2,177.3 1 0
event-coming/internal/handler/webhook_handler.go:181.89,182.66 1 0
event-coming/internal/handler/webhook_handler.go:182.66,184.3 1 0
event-coming/internal/handler/webhook_handler.go:186.2,194.62 4 0
event-coming/internal/handler/webhook_handler.go:198.84,199.23 1 0
event-coming/internal/handler/webhook_handler.go:199.23,201.3 1 0
event-coming/internal/handler/webhook_handler.go:203.2,211.62 4 0
event-coming/internal/handler/webhook_handler.go:215.82,216.21 1 0
event-coming/internal/handler/webhook_handler.go:216.21,218.3 1 0
event-coming/internal/handler/webhook_handler.go:220.2,229.14 4 0
event-coming/internal/handler/webhook_handler.go:230.44,231.63 1 0
event-coming/internal/handler/webhook_handler.go:232.44,233.62 1 0
event-coming/internal/handler/webhook_handler.go:238.99,241.16 2 0
event-coming/internal/handler/webhook_handler.go:241.16,247.3 2 0
event-coming/internal/handler/webhook_handler.go:249.2,250.17 2 0
event-coming/internal/handler/webhook_handler.go:251.48,252.48 1 0
event-coming/internal/handler/webhook_handler.go:253.45,254.45 1 0
event-coming/internal/handler/webhook_handler.go:255.10,260.9 2 0
event-coming/internal/handler/webhook_handler.go:264.2,265.16 2 0
event-coming/internal/handler/webhook_handler.go:265.16,271.3 2 0
event-coming/internal/handler/webhook_handler.go:273.2,277.3 1 0
event-coming/internal/handler/webhook_handler.go:281.78,282.21 1 0
event-coming/internal/handler/webhook_handler.go:282.21,284.3 1 0
event-coming/internal/handler/webhook_handler.go:287.2,287.54 1 0
event-coming/internal/handler/webhook_handler.go:287.54,289.3 1 0
event-coming/internal/handler/webhook_handler.go:291.2,295.59 4 0
event-coming/internal/handler/websocket_handler.go:16.42,19.3 1 0
event-coming/internal/handler/websocket_handler.go:30.110,36.2 1 1
event-coming/internal/handler/websocket_handler.go:40.61,44.34 3 1
event-coming/internal/handler/websocket_handler.go:44.34,47.3 2 1
event-coming/internal/handler/websocket_handler.go:50.2,55.16 4 0
event-coming/internal/handler/websocket_handler.go:55.16,58.3 2 0
event-coming/internal/handler/websocket_handler.go:61.2,67.12 3 0
event-coming/internal/handler/websocket_handler.go:67.12,68.81 1 0
event-coming/internal/handler/websocket_handler.go:68.81,74.4 1 0
event-coming/internal/handler/websocket_handler.go:78.2,85.3 3 0
event-coming/internal/service/eta/eta_service.go:26.15,32.2 1 1
event-coming/internal/service/eta/eta_service.go:39.23,42.16 2 1
event-coming/internal/service/eta/eta_service.go:42.16,44.3 1 1
event-coming/internal/service/eta/eta_service.go:46.2,46.22 1 1
event-coming/internal/service/eta/eta_service.go:46.22,48.3 1 1
event-coming/internal/service/eta/eta_service.go:51.2,57.19 2 1
event-coming/internal/service/eta/eta_service.go:57.20,59.3 0 0
event-coming/internal/service/eta/eta_service.go:62.2,73.37 4 1
event-coming/internal/service/eta/eta_service.go:73.37,77.3 3 1
event-coming/internal/service/eta/eta_service.go:77.8,82.3 3 1
event-coming/internal/service/eta/eta_service.go:84.2,90.8 1 1
event-coming/internal/service/eta/eta_service.go:99.25,102.37 2 1
event-coming/internal/service/eta/eta_service.go:102.37,104.17 2 1
event-coming/internal/service/eta/eta_service.go:104.17,106.12 1 1
event-coming/internal/service/eta/eta_service.go:108.3,108.36 1 1
event-coming/internal/service/eta/eta_service.go:111.2,111.21 1 1
event-coming/internal/service/eta/haversine.go:9.73,27.2 9 1
event-coming/internal/service/eta/velocity_calculator.go:14.50,16.2 1 1
event-coming/internal/service/eta/velocity_calculator.go:20.108,21.24 1 1
event-coming/internal/service/eta/velocity_calculator.go:21.24,23.3 1 1
event-coming/internal/service/eta/velocity_calculator.go:25.2,28.38 3 1
event-coming/internal/service/eta/velocity_calculator.go:28.38,38.19 5 1
event-coming/internal/service/eta/velocity_calculator.go:38.19,41.4 2 1
event-coming/internal/service/eta/velocity_calculator.go:44.2,44.20 1 1
event-coming/internal/service/eta/velocity_calculator.go:44.20,46.3 1 1
event-coming/internal/service/eta/velocity_calculator.go:48.2,48.34 1 1
event-coming/internal/service/eta/velocity_calculator.go:53.76,54.19 1 1
event-coming/internal/service/eta/velocity_calculator.go:54.19,56.3 1 1
event-coming/internal/service/eta/velocity_calculator.go:59.2,63.38 3 1
event-coming/internal/service/eta/velocity_calculator.go:63.38,65.3 1 1
event-coming/internal/service/eta/velocity_calculator.go:67.2,67.20 1 1
event-coming/pkg/response/response.go:41.48,46.2 1 1
event-coming/pkg/response/response.go:49.48,54.2 1 1
event-coming/pkg/response/response.go:57.32,59.2 1 1
event-coming/pkg/response/response.go:62.66,70.2 1 1
event-coming/pkg/response/response.go:73.59,82.2 1 1
event-coming/pkg/response/response.go:85.51,86.13 1 1
event-coming/pkg/response/response.go:87.26,88.67 1 1
event-coming/pkg/response/response.go:89.30,90.68 1 1
event-coming/pkg/response/response.go:91.27,92.59 1 1
event-coming/pkg/response/response.go:93.26,94.71 1 1
event-coming/pkg/response/response.go:95.30,96.68 1 1
event-coming/pkg/response/response.go:97.36,98.82 1 1
event-coming/pkg/response/response.go:99.30,100.70 1 1
event-coming/pkg/response/response.go:101.30,102.70 1 1
event-coming/pkg/response/response.go:103.10,104.86 1 1
event-coming/pkg/response/response.go:109.82,111.29 2 1
event-coming/pkg/response/response.go:111.29,113.3 1 1
event-coming/pkg/response/response.go:115.2,124.4 1 1
event-coming/pkg/rrule/parser.go:13.26,15.2 1 1
event-coming/pkg/rrule/parser.go:19.70,20.41 1 1
event-coming/pkg/rrule/parser.go:20.41,22.3 1 1
event-coming/pkg/rrule/parser.go:24.2,28.29 4 1
event-coming/pkg/rrule/parser.go:28.29,30.19 2 1
event-coming/pkg/rrule/parser.go:30.19,32.4 1 1
event-coming/pkg/rrule/parser.go:35.2,35.20 1 1
event-coming/pkg/rrule/parser.go:40.109,42.16 2 1
event-coming/pkg/rrule/parser.go:42.16,44.3 1 1
event-coming/pkg/rrule/parser.go:46.2,47.9 2 1
event-coming/pkg/rrule/parser.go:47.9,49.3 1 1
event-coming/pkg/rrule/parser.go:51.2,55.14 3 1
event-coming/pkg/rrule/parser.go:56.15,57.29 1 1
event-coming/pkg/rrule/parser.go:57.29,60.4 2 1
event-coming/pkg/rrule/parser.go:61.16,62.29 1 1
event-coming/pkg/rrule/parser.go:62.29,65.4 2 1
event-coming/pkg/rrule/parser.go:66.17,67.29 1 1
event-coming/pkg/rrule/parser.go:67.29,70.4 2 1
event-coming/pkg/rrule/parser.go:71.10,72.60 1 1
event-coming/pkg/rrule/parser.go:75.2,75.23 1 1
event-coming/pkg/validator/validator.go:13.13,15.2 1 1
event-coming/pkg/validator/validator.go:24.58,27.66 2 1
event-coming/pkg/validator/validator.go:27.66,28.38 1 1
event-coming/pkg/validator/validator.go:28.38,33.4 1 1
event-coming/pkg/validator/validator.go:36.2,36.15 1 1
event-coming/pkg/validator/validator.go:39.56,40.17 1 1
event-coming/pkg/validator/validator.go:41.18,42.50 1 1
event-coming/pkg/validator/validator.go:43.15,44.32 1 1
event-coming/pkg/validator/validator.go:45.13,46.80 1 1
event-coming/pkg/validator/validator.go:47.13,48.79 1 1
event-coming/pkg/validator/validator.go:49.14,50.56 1 1
event-coming/pkg/validator/validator.go:51.18,52.34 1 1
event-coming/pkg/validator/validator.go:53.19,54.35 1 1
event-coming/pkg/validator/validator.go:55.15,56.68 1 1
event-coming/pkg/validator/validator.go:57.10,58.71 1 1
event-coming/internal/service/auth_service.go:51.15,59.2 1 1
event-coming/internal/service/auth_service.go:63.113,66.25 2 1
event-coming/internal/service/auth_service.go:66.25,68.3 1 1
event-coming/internal/service/auth_service.go:71.2,72.16 2 1
event-coming/internal/service/auth_service.go:72.16,74.3 1 0
event-coming/internal/service/auth_service.go:77.2,88.53 2 1
event-coming/internal/service/auth_service.go:88.53,90.3 1 0
event-coming/internal/service/auth_service.go:93.2,94.23 2 1
event-coming/internal/service/auth_service.go:94.23,96.63 1 1
event-coming/internal/service/auth_service.go:96.63,98.23 2 1
event-coming/internal/service/auth_service.go:98.23,100.5 1 1
event-coming/internal/service/auth_service.go:103.3,115.58 2 1
event-coming/internal/service/auth_service.go:115.58,117.4 1 0
event-coming/internal/service/auth_service.go:120.3,127.65 2 1
event-coming/internal/service/auth_service.go:127.65,129.4 1 0
event-coming/internal/service/auth_service.go:131.3,131.48 1 1
event-coming/internal/service/auth_service.go:135.2,140.8 1 1
event-coming/internal/service/auth_service.go:145.104,148.31 2 1
event-coming/internal/service/auth_service.go:148.31,150.3 1 1
event-coming/internal/service/auth_service.go:153.2,153.103 1 1
event-coming/internal/service/auth_service.go:153.103,155.3 1 1
event-coming/internal/service/auth_service.go:158.2,158.18 1 1
event-coming/internal/service/auth_service.go:158.18,160.3 1 1
event-coming/internal/service/auth_service.go:163.2,164.16 2 1
event-coming/internal/service/auth_service.go:164.16,166.3 1 0
event-coming/internal/service/auth_service.go:168.2,169.16 2 1
event-coming/internal/service/auth_service.go:169.16,171.3 1 0
event-coming/internal/service/auth_service.go:174.2,180.8 2 1
event-coming/internal/service/auth_service.go:185.110,191.38 3 1
event-coming/internal/service/auth_service.go:191.38,193.3 1 1
event-coming/internal/service/auth_service.go:196.2,196.34 1 1
event-coming/internal/service/auth_service.go:196.34,198.3 1 1
event-coming/internal/service/auth_service.go:201.2,201.45 1 1
event-coming/internal/service/auth_service.go:201.45,203.3 1 1
event-coming/internal/service/auth_service.go:206.2,207.31 2 1
event-coming/internal/service/auth_service.go:207.31,209.3 1 0
event-coming/internal/service/auth_service.go:212.2,216.16 3 1
event-coming/internal/service/auth_service.go:216.16,218.3 1 0
event-coming/internal/service/auth_service.go:220.2,221.16 2 1
event-coming/internal/service/auth_service.go:221.16,223.3 1 0
event-coming/internal/service/auth_service.go:225.2,229.8 1 1
event-coming/internal/service/auth_service.go:234.82,245.2 3 1
event-coming/internal/service/auth_service.go:247.104,261.62 4 1
event-coming/internal/service/auth_service.go:261.62,263.3 1 0
event-coming/internal/service/auth_service.go:266.2,266.22 1 1
event-coming/internal/service/auth_service.go:269.58,272.2 2 1
event-coming/internal/service/auth_service.go:276.84,281.66 2 1
event-coming/internal/service/auth_service.go:281.66,283.3 1 1
event-coming/internal/service/auth_service.go:285.2,285.12 1 1
event-coming/internal/service/auth_service.go:290.131,293.31 2 1
event-coming/internal/service/auth_service.go:293.31,298.3 1 1
event-coming/internal/service/auth_service.go:301.2,315.68 5 1
event-coming/internal/service/auth_service.go:315.68,317.3 1 0
event-coming/internal/service/auth_service.go:324.2,326.8 1 1
event-coming/internal/service/auth_service.go:331.128,337.16 3 1
event-coming/internal/service/auth_service.go:337.16,339.3 1 1
event-coming/internal/service/auth_service.go:342.2,343.31 2 1
event-coming/internal/service/auth_service.go:343.31,345.3 1 0
event-coming/internal/service/auth_service.go:348.2,349.16 2 1
event-coming/internal/service/auth_service.go:349.16,351.3 1 0
event-coming/internal/service/auth_service.go:354.2,356.53 3 1
event-coming/internal/service/auth_service.go:356.53,358.3 1 0
event-coming/internal/service/auth_service.go:361.2,368.8 3 1
event-coming/internal/service/entity_service.go:19.78,23.2 1 1
event-coming/internal/service/entity_service.go:26.112,28.48 1 1
event-coming/internal/service/entity_service.go:28.48,30.17 2 1
event-coming/internal/service/entity_service.go:30.17,32.4 1 0
event-coming/internal/service/entity_service.go:33.3,33.22 1 1
event-coming/internal/service/entity_service.go:33.22,35.4 1 1
event-coming/internal/service/entity_service.go:39.2,39.25 1 1
event-coming/internal/service/entity_service.go:39.25,41.17 2 1
event-coming/internal/service/entity_service.go:41.17,43.4 1 0
event-coming/internal/service/entity_service.go:44.3,44.20 1 1
event-coming/internal/service/entity_service.go:44.20,46.4 1 1
event-coming/internal/service/entity_service.go:49.2,61.57 2 1
event-coming/internal/service/entity_service.go:61.57,63.3 1 0
event-coming/internal/service/entity_service.go:65.2,65.42 1 1
event-coming/internal/service/entity_service.go:69.97,71.16 2 1
event-coming/internal/service/entity_service.go:71.16,73.3 1 0
event-coming/internal/service/entity_service.go:74.2,74.19 1 1
event-coming/internal/service/entity_service.go:74.19,76.3 1 1
event-coming/internal/service/entity_service.go:78.2,78.42 1 1
event-coming/internal/service/entity_service.go:82.126,85.16 2 1
event-coming/internal/service/entity_service.go:85.16,87.3 1 0
event-coming/internal/service/entity_service.go:88.2,88.21 1 1
event-coming/internal/service/entity_service.go:88.21,90.3 1 1
event-coming/internal/service/entity_service.go:93.2,93.48 1 1
event-coming/internal/service/entity_service.go:93.48,95.17 2 1
event-coming/internal/service/entity_service.go:95.17,97.4 1 0
event-coming/internal/service/entity_service.go:98.3,98.45 1 1
event-coming/internal/service/entity_service.go:98.45,100.4 1 1
event-coming/internal/service/entity_service.go:104.2,104.25 1 1
event-coming/internal/service/entity_service.go:104.25,105.26 1 1
event-coming/internal/service/entity_service.go:105.26,107.4 1 1
event-coming/internal/service/entity_service.go:108.3,109.17 2 1
event-coming/internal/service/entity_service.go:109.17,111.4 1 0
event-coming/internal/service/entity_service.go:112.3,112.20 1 1
event-coming/internal/service/entity_service.go:112.20,114.4 1 1
event-coming/internal/service/entity_service.go:117.2,128.60 2 1
event-coming/internal/service/entity_service.go:128.60,130.3 1 0
event-coming/internal/service/entity_service.go:133.2,134.16 2 1
event-coming/internal/service/entity_service.go:134.16,136.3 1 0
event-coming/internal/service/entity_service.go:138.2,138.43 1 1
event-coming/internal/service/entity_service.go:142.73,144.16 2 1
event-coming/internal/service/entity_service.go:144.16,146.3 1 0
event-coming/internal/service/entity_service.go:147.2,147.21 1 1
event-coming/internal/service/entity_service.go:147.21,149.3 1 1
event-coming/internal/service/entity_service.go:151.2,151.37 1 1
event-coming/internal/service/entity_service.go:155.108,156.14 1 1
event-coming/internal/service/entity_service.go:156.14,158.3 1 1
event-coming/internal/service/entity_service.go:159.2,159.34 1 1
event-coming/internal/service/entity_service.go:159.34,161.3 1 1
event-coming/internal/service/entity_service.go:163.2,164.16 2 1
event-coming/internal/service/entity_service.go:164.16,166.3 1 0
event-coming/internal/service/entity_service.go:168.2,168.55 1 1
event-coming/internal/service/entity_service.go:172.136,173.14 1 1
event-coming/internal/service/entity_service.go:173.14,175.3 1 0
event-coming/internal/service/entity_service.go:176.2,176.34 1 1
event-coming/internal/service/entity_service.go:176.34,178.3 1 0
event-coming/internal/service/entity_service.go:180.2,181.16 2 1
event-coming/internal/service/entity_service.go:181.16,183.3 1 0
event-coming/internal/service/entity_service.go:185.2,185.55 1 1
event-coming/internal/service/entity_service.go:189.106,191.16 2 1
event-coming/internal/service/entity_service.go:191.16,193.3 1 0
event-coming/internal/service/entity_service.go:194.2,194.19 1 1
event-coming/internal/service/entity_service.go:194.19,196.3 1 1
event-coming/internal/service/entity_service.go:198.2,198.42 1 1
event-coming/internal/service/event_cache_service.go:22.73,26.2 1 1
event-coming/internal/service/event_cache_service.go:29.127,40.16 3 1
event-coming/internal/service/event_cache_service.go:40.16,42.3 1 0
event-coming/internal/service/event_cache_service.go:43.2,48.16 4 1
event-coming/internal/service/event_cache_service.go:48.16,50.3 1 0
event-coming/internal/service/event_cache_service.go:51.2,54.34 2 1
event-coming/internal/service/event_cache_service.go:54.34,55.19 1 1
event-coming/internal/service/event_cache_service.go:56.77,57.25 1 1
event-coming/internal/service/event_cache_service.go:58.40,59.23 1 1
event-coming/internal/service/event_cache_service.go:60.39,61.22 1 1
event-coming/internal/service/event_cache_service.go:65.2,65.18 1 1
event-coming/internal/service/event_cache_service.go:69.128,76.6 4 1
event-coming/internal/service/event_cache_service.go:76.6,78.17 2 1
event-coming/internal/service/event_cache_service.go:78.17,80.4 1 0
event-coming/internal/service/event_cache_service.go:82.3,82.20 1 1
event-coming/internal/service/event_cache_service.go:82.20,85.18 2 1
event-coming/internal/service/event_cache_service.go:85.18,87.5 1 0
event-coming/internal/service/event_cache_service.go:89.4,89.31 1 1
event-coming/internal/service/event_cache_service.go:89.31,90.19 1 1
event-coming/internal/service/event_cache_service.go:90.19,91.14 1 0
event-coming/internal/service/event_cache_service.go:94.5,95.12 2 1
event-coming/internal/service/event_cache_service.go:95.12,96.14 1 0
event-coming/internal/service/event_cache_service.go:99.5,100.61 2 1
event-coming/internal/service/event_cache_service.go:100.61,101.14 1 1
event-coming/internal/service/event_cache_service.go:104.5,113.7 1 1
event-coming/internal/service/event_cache_service.go:117.3,118.18 2 1
event-coming/internal/service/event_cache_service.go:118.18,119.9 1 1
event-coming/internal/service/event_cache_service.go:123.2,123.23 1 1
event-coming/internal/service/event_cache_service.go:127.136,134.6 4 1
event-coming/internal/service/event_cache_service.go:134.6,136.17 2 1
event-coming/internal/service/event_cache_service.go:136.17,138.4 1 0
event-coming/internal/service/event_cache_service.go:140.3,140.20 1 1
event-coming/internal/service/event_cache_service.go:140.20,142.18 2 1
event-coming/internal/service/event_cache_service.go:142.18,144.5 1 0
event-coming/internal/service/event_cache_service.go:146.4,146.31 1 1
event-coming/internal/service/event_cache_service.go:146.31,147.19 1 1
event-coming/internal/service/event_cache_service.go:147.19,148.14 1 0
event-coming/internal/service/event_cache_service.go:151.5,152.12 2 1
event-coming/internal/service/event_cache_service.go:152.12,153.14 1 0
event-coming/internal/service/event_cache_service.go:156.5,157.62 2 1
event-coming/internal/service/event_cache_service.go:157.62,158.14 1 1
event-coming/internal/service/event_cache_service.go:161.5,161.48 1 1
event-coming/internal/service/event_cache_service.go:165.3,166.18 2 1
event-coming/internal/service/event_cache_service.go:166.18,167.9 1 1
event-coming/internal/service/event_cache_service.go:171.2,171.27 1 1
event-coming/internal/service/event_cache_service.go:175.131,187.16 4 1
event-coming/internal/service/event_cache_service.go:187.16,189.3 1 0
event-coming/internal/service/event_cache_service.go:192.2,192.82 1 1
event-coming/internal/service/event_cache_service.go:192.82,194.3 1 0
event-coming/internal/service/event_cache_service.go:196.2,196.12 1 1
event-coming/internal/service/event_cache_service.go:200.116,203.2 2 1
event-coming/internal/service/event_cache_service.go:206.102,212.6 4 1
event-coming/internal/service/event_cache_service.go:212.6,214.17 2 1
event-coming/internal/service/event_cache_service.go:214.17,216.4 1 0
event-coming/internal/service/event_cache_service.go:218.3,221.18 3 1
event-coming/internal/service/event_cache_service.go:221.18,222.9 1 1
event-coming/internal/service/event_cache_service.go:226.2,226.19 1 1
event-coming/internal/service/event_service.go:27.17,33.2 1 1
event-coming/internal/service/event_service.go:36.134,55.55 2 1
event-coming/internal/service/event_service.go:55.55,57.3 1 1
event-coming/internal/service/event_service.go:59.2,63.26 3 1
event-coming/internal/service/event_service.go:63.26,65.17 2 1
event-coming/internal/service/event_service.go:65.17,67.4 1 0
event-coming/internal/service/event_service.go:68.3,68.28 1 1
event-coming/internal/service/event_service.go:69.8,72.3 2 1
event-coming/internal/service/event_service.go:73.2,76.31 2 1
event-coming/internal/service/event_service.go:76.31,79.3 2 1
event-coming/internal/service/event_service.go:81.2,81.22 1 1
event-coming/internal/service/event_service.go:85.142,90.29 3 1
event-coming/internal/service/event_service.go:90.29,92.37 2 1
event-coming/internal/service/event_service.go:92.37,94.4 1 0
event-coming/internal/service/event_service.go:96.3,109.64 2 1
event-coming/internal/service/event_service.go:109.64,111.4 1 0
event-coming/internal/service/event_service.go:111.9,113.4 1 1
event-coming/internal/service/event_service.go:117.2,117.25 1 1
event-coming/internal/service/event_service.go:117.25,119.33 2 1
event-coming/internal/service/event_service.go:119.33,121.4 1 0
event-coming/internal/service/event_service.go:121.9,121.47 1 1
event-coming/internal/service/event_service.go:121.47,123.4 1 0
event-coming/internal/service/event_service.go:125.3,138.64 2 1
event-coming/internal/service/event_service.go:138.64,140.4 1 0
event-coming/internal/service/event_service.go:140.9,142.4 1 1
event-coming/internal/service/event_service.go:146.2,146.26 1 1
event-coming/internal/service/event_service.go:146.26,148.41 2 1
event-coming/internal/service/event_service.go:148.41,150.4 1 0
event-coming/internal/service/event_service.go:152.3,167.64 2 1
event-coming/internal/service/event_service.go:167.64,169.4 1 0
event-coming/internal/service/event_service.go:169.9,171.4 1 1
event-coming/internal/service/event_service.go:175.2,187.26 2 1
event-coming/internal/service/event_service.go:187.26,189.3 1 0
event-coming/internal/service/event_service.go:191.2,191.70 1 1
event-coming/internal/service/event_service.go:191.70,193.3 1 0
event-coming/internal/service/event_service.go:193.8,195.3 1 1
event-coming/internal/service/event_service.go:197.2,197.23 1 1
event-coming/internal/service/event_service.go:201.120,208.2 2 1
event-coming/internal/service/event_service.go:211.157,215.31 3 1
event-coming/internal/service/event_service.go:215.31,224.68 2 1
event-coming/internal/service/event_service.go:224.68,226.12 2 0
event-coming/internal/service/event_service.go:229.3,229.78 1 1
event-coming/internal/service/event_service.go:232.2,232.30 1 1
event-coming/internal/service/event_service.go:236.107,238.16 2 1
event-coming/internal/service/event_service.go:238.16,240.3 1 1
event-coming/internal/service/event_service.go:241.2,241.40 1 1
event-coming/internal/service/event_service.go:245.123,247.16 2 1
event-coming/internal/service/event_service.go:247.16,249.3 1 0
event-coming/internal/service/event_service.go:251.2,255.16 3 1
event-coming/internal/service/event_service.go:255.16,256.34 1 1
event-coming/internal/service/event_service.go:256.34,258.4 1 1
event-coming/internal/service/event_service.go:261.2,261.22 1 1
event-coming/internal/service/event_service.go:265.135,267.16 2 1
event-coming/internal/service/event_service.go:267.16,269.3 1 1
event-coming/internal/service/event_service.go:271.2,283.71 2 1
event-coming/internal/service/event_service.go:283.71,285.3 1 0
event-coming/internal/service/event_service.go:287.2,288.16 2 1
event-coming/internal/service/event_service.go:288.16,290.3 1 0
event-coming/internal/service/event_service.go:292.2,292.42 1 1
event-coming/internal/service/event_service.go:296.84,298.2 1 1
event-coming/internal/service/event_service.go:301.123,303.16 2 1
event-coming/internal/service/event_service.go:303.16,305.3 1 0
event-coming/internal/service/event_service.go:307.2,308.27 2 1
event-coming/internal/service/event_service.go:308.27,310.3 1 1
event-coming/internal/service/event_service.go:312.2,312.30 1 1
event-coming/internal/service/event_service.go:316.158,318.16 2 1
event-coming/internal/service/event_service.go:318.16,320.3 1 0
event-coming/internal/service/event_service.go:322.2,323.27 2 1
event-coming/internal/service/event_service.go:323.27,325.3 1 1
event-coming/internal/service/event_service.go:327.2,327.30 1 1
event-coming/internal/service/event_service.go:331.108,334.2 2 1
event-coming/internal/service/event_service.go:337.106,340.2 2 1
event-coming/internal/service/event_service.go:343.108,346.2 2 1
event-coming/internal/service/location_service.go:32.20,40.2 1 1
event-coming/internal/service/location_service.go:48.34,51.16 2 1
event-coming/internal/service/location_service.go:51.16,53.3 1 1
event-coming/internal/service/location_service.go:54.2,54.24 1 1
event-coming/internal/service/location_service.go:54.24,56.3 1 0
event-coming/internal/service/location_service.go:59.2,60.16 2 1
event-coming/internal/service/location_service.go:60.16,62.3 1 0
event-coming/internal/service/location_service.go:64.2,65.26 2 1
event-coming/internal/service/location_service.go:65.26,67.3 1 0
event-coming/internal/service/location_service.go:69.2,84.29 2 1
event-coming/internal/service/location_service.go:84.29,85.43 1 0
event-coming/internal/service/location_service.go:85.43,87.92 1 0
event-coming/internal/service/location_service.go:87.92,89.5 1 0
event-coming/internal/service/location_service.go:90.9,92.63 1 0
event-coming/internal/service/location_service.go:92.63,94.5 1 0
event-coming/internal/service/location_service.go:99.2,99.61 1 1
event-coming/internal/service/location_service.go:99.61,101.3 1 0
event-coming/internal/service/location_service.go:103.2,103.46 1 1
event-coming/internal/service/location_service.go:112.34,115.16 2 1
event-coming/internal/service/location_service.go:115.16,117.3 1 1
event-coming/internal/service/location_service.go:120.2,120.29 1 1
event-coming/internal/service/location_service.go:120.29,122.17 2 0
event-coming/internal/service/location_service.go:122.17,124.4 1 0
event-coming/internal/service/location_service.go:124.9,124.30 1 0
event-coming/internal/service/location_service.go:124.30,126.4 1 0
event-coming/internal/service/location_service.go:130.2,131.16 2 1
event-coming/internal/service/location_service.go:131.16,133.3 1 1
event-coming/internal/service/location_service.go:134.2,134.46 1 1
event-coming/internal/service/location_service.go:143.36,145.16 2 1
event-coming/internal/service/location_service.go:145.16,147.3 1 1
event-coming/internal/service/location_service.go:148.2,148.51 1 1
event-coming/internal/service/location_service.go:157.36,159.29 1 1
event-coming/internal/service/location_service.go:159.29,161.42 2 0
event-coming/internal/service/location_service.go:161.42,163.35 2 0
event-coming/internal/service/location_service.go:163.35,165.5 1 0
event-coming/internal/service/location_service.go:167.4,168.18 2 0
event-coming/internal/service/location_service.go:168.18,170.5 1 0
event-coming/internal/service/location_service.go:170.10,170.39 1 0
event-coming/internal/service/location_service.go:170.39,172.5 1 0
event-coming/internal/service/location_service.go:177.2,178.16 2 1
event-coming/internal/service/location_service.go:178.16,180.3 1 1
event-coming/internal/service/location_service.go:181.2,181.51 1 1
event-coming/internal/service/notification_service.go:39.23,44.2 1 1
event-coming/internal/service/notification_service.go:47.140,48.72 1 1
event-coming/internal/service/notification_service.go:48.72,53.3 2 1
event-coming/internal/service/notification_service.go:54.2,70.43 4 1
event-coming/internal/service/notification_service.go:74.129,75.72 1 1
event-coming/internal/service/notification_service.go:75.72,80.3 2 1
event-coming/internal/service/notification_service.go:81.2,97.43 4 1
event-coming/internal/service/notification_service.go:101.136,102.72 1 1
event-coming/internal/service/notification_service.go:102.72,107.3 2 1
event-coming/internal/service/notification_service.go:108.2,119.43 4 1
event-coming/internal/service/notification_service.go:123.146,125.21 2 1
event-coming/internal/service/notification_service.go:125.21,127.3 1 1
event-coming/internal/service/notification_service.go:127.8,127.29 1 1
event-coming/internal/service/notification_service.go:127.29,129.3 1 1
event-coming/internal/service/notification_service.go:129.8,133.3 3 1
event-coming/internal/service/notification_service.go:136.2,141.12 2 1
event-coming/internal/service/notification_service.go:145.110,146.29 1 1
event-coming/internal/service/notification_service.go:146.29,151.3 2 1
event-coming/internal/service/notification_service.go:153.2,157.68 2 0
event-coming/internal/service/notification_service.go:161.53,162.66 1 1
event-coming/internal/service/notification_service.go:162.66,164.3 1 1
event-coming/internal/service/notification_service.go:165.2,165.72 1 1
event-coming/internal/service/participant_service.go:25.23,30.2 1 1
event-coming/internal/service/participant_service.go:33.153,36.16 2 1
event-coming/internal/service/participant_service.go:36.16,37.32 1 1
event-coming/internal/service/participant_service.go:37.32,39.4 1 1
event-coming/internal/service/participant_service.go:40.3,40.57 1 0
event-coming/internal/service/participant_service.go:44.2,45.45 2 1
event-coming/internal/service/participant_service.go:45.45,47.3 1 0
event-coming/internal/service/participant_service.go:48.2,48.21 1 1
event-coming/internal/service/participant_service.go:48.21,50.3 1 1
event-coming/internal/service/participant_service.go:53.2,62.67 2 1
event-coming/internal/service/participant_service.go:62.67,64.3 1 0
event-coming/internal/service/participant_service.go:66.2,66.52 1 1
event-coming/internal/service/participant_service.go:70.125,72.16 2 1
event-coming/internal/service/participant_service.go:72.16,74.3 1 1
event-coming/internal/service/participant_service.go:75.2,75.52 1 1
event-coming/internal/service/participant_service.go:79.159,82.16 2 1
event-coming/internal/service/participant_service.go:82.16,84.3 1 1
event-coming/internal/service/participant_service.go:87.2,96.23 2 1
event-coming/internal/service/participant_service.go:96.23,98.22 2 1
event-coming/internal/service/participant_service.go:99.42,100.38 1 1
event-coming/internal/service/participant_service.go:100.38,102.5 1 1
event-coming/internal/service/participant_service.go:103.42,104.38 1 1
event-coming/internal/service/participant_service.go:104.38,106.5 1 1
event-coming/internal/service/participant_service.go:110.2,110.83 1 1
event-coming/internal/service/participant_service.go:110.83,112.3 1 0
event-coming/internal/service/participant_service.go:115.2,116.16 2 1
event-coming/internal/service/participant_service.go:116.16,118.3 1 0
event-coming/internal/service/participant_service.go:120.2,120.48 1 1
event-coming/internal/service/participant_service.go:124.96,126.2 1 1
event-coming/internal/service/participant_service.go:129.151,132.16 2 1
event-coming/internal/service/participant_service.go:132.16,134.3 1 1
event-coming/internal/service/participant_service.go:136.2,137.16 2 1
event-coming/internal/service/participant_service.go:137.16,139.3 1 0
event-coming/internal/service/participant_service.go:141.2,142.33 2 1
event-coming/internal/service/participant_service.go:142.33,144.3 1 1
event-coming/internal/service/participant_service.go:146.2,146.30 1 1
event-coming/internal/service/participant_service.go:150.135,152.2 1 1
event-coming/internal/service/participant_service.go:155.136,160.2 2 1
event-coming/internal/service/participant_service.go:163.136,168.2 2 1
event-coming/internal/service/participant_service.go:171.168,174.16 2 1
event-coming/internal/service/participant_service.go:174.16,176.3 1 1
event-coming/internal/service/participant_service.go:178.2,181.40 3 1
event-coming/internal/service/participant_service.go:181.40,183.17 2 1
event-coming/internal/service/participant_service.go:183.17,185.12 2 1
event-coming/internal/service/participant_service.go:187.3,187.38 1 1
event-coming/internal/service/participant_service.go:190.2,190.26 1 1
event-coming/internal/service/participant_service.go:194.117,196.2 1 1
event-coming/internal/service/scheduler_service.go:43.20,51.2 1 1
event-coming/internal/service/scheduler_service.go:54.140,68.31 2 1
event-coming/internal/service/scheduler_service.go:68.31,70.3 1 1
event-coming/internal/service/scheduler_service.go:72.2,72.63 1 1
event-coming/internal/service/scheduler_service.go:72.63,74.3 1 1
event-coming/internal/service/scheduler_service.go:76.2,82.23 2 1
event-coming/internal/service/scheduler_service.go:86.119,88.2 1 1
event-coming/internal/service/scheduler_service.go:91.97,93.16 2 1
event-coming/internal/service/scheduler_service.go:93.16,95.3 1 1
event-coming/internal/service/scheduler_service.go:97.2,97.55 1 1
event-coming/internal/service/scheduler_service.go:97.55,99.3 1 1
event-coming/internal/service/scheduler_service.go:101.2,102.47 2 1
event-coming/internal/service/scheduler_service.go:106.97,109.16 2 1
event-coming/internal/service/scheduler_service.go:109.16,111.3 1 1
event-coming/internal/service/scheduler_service.go:113.2,113.21 1 1
event-coming/internal/service/scheduler_service.go:113.21,115.3 1 1
event-coming/internal/service/scheduler_service.go:117.2,120.29 3 1
event-coming/internal/service/scheduler_service.go:120.29,121.50 1 1
event-coming/internal/service/scheduler_service.go:121.50,132.41 3 1
event-coming/internal/service/scheduler_service.go:132.41,134.5 1 1
event-coming/internal/service/scheduler_service.go:135.4,135.12 1 1
event-coming/internal/service/scheduler_service.go:139.3,139.86 1 1
event-coming/internal/service/scheduler_service.go:139.86,144.4 1 0
event-coming/internal/service/scheduler_service.go:146.3,146.14 1 1
event-coming/internal/service/scheduler_service.go:149.2,149.23 1 1
event-coming/internal/service/scheduler_service.go:153.95,160.21 2 1
event-coming/internal/service/scheduler_service.go:161.42,162.42 1 1
event-coming/internal/service/scheduler_service.go:164.38,165.38 1 1
event-coming/internal/service/scheduler_service.go:167.37,168.37 1 1
event-coming/internal/service/scheduler_service.go:170.38,171.45 1 1
event-coming/internal/service/scheduler_service.go:173.10,175.13 2 1
event-coming/internal/service/scheduler_service.go:180.103,183.16 2 1
event-coming/internal/service/scheduler_service.go:183.16,185.3 1 1
event-coming/internal/service/scheduler_service.go:188.2,189.16 2 1
event-coming/internal/service/scheduler_service.go:189.16,191.3 1 0
event-coming/internal/service/scheduler_service.go:194.2,194.33 1 1
event-coming/internal/service/scheduler_service.go:194.33,195.50 1 1
event-coming/internal/service/scheduler_service.go:195.50,196.12 1 1
event-coming/internal/service/scheduler_service.go:199.3,199.86 1 1
event-coming/internal/service/scheduler_service.go:199.86,205.4 1 1
event-coming/internal/service/scheduler_service.go:208.2,208.12 1 1
event-coming/internal/service/scheduler_service.go:212.99,215.16 2 1
event-coming/internal/service/scheduler_service.go:215.16,217.3 1 0
event-coming/internal/service/scheduler_service.go:220.2,221.16 2 1
event-coming/internal/service/scheduler_service.go:221.16,223.3 1 0
event-coming/internal/service/scheduler_service.go:226.2,226.33 1 1
event-coming/internal/service/scheduler_service.go:226.33,227.52 1 1
event-coming/internal/service/scheduler_service.go:227.52,228.12 1 1
event-coming/internal/service/scheduler_service.go:231.3,231.75 1 1
event-coming/internal/service/scheduler_service.go:231.75,236.4 1 0
event-coming/internal/service/scheduler_service.go:239.2,239.12 1 1
event-coming/internal/service/scheduler_service.go:243.98,246.38 1 1
event-coming/internal/service/scheduler_service.go:246.38,246.85 2 1
event-coming/internal/service/scheduler_service.go:251.106,254.16 2 1
event-coming/internal/service/scheduler_service.go:254.16,256.3 1 0
event-coming/internal/service/scheduler_service.go:259.2,260.16 2 1
event-coming/internal/service/scheduler_service.go:260.16,262.3 1 0
event-coming/internal/service/scheduler_service.go:264.2,264.33 1 1
event-coming/internal/service/scheduler_service.go:264.33,265.52 1 1
event-coming/internal/service/scheduler_service.go:265.52,266.12 1 0
event-coming/internal/service/scheduler_service.go:269.3,269.82 1 1
event-coming/internal/service/scheduler_service.go:269.82,274.4 1 0
event-coming/internal/service/scheduler_service.go:277.2,277.12 1 1
